time="2020-10-21T16:45:16+08:00" level=warning msg="[vpn Audit_system start....]" vpn=...info...
time="2020-10-21T16:54:04+08:00" level=warning msg="[vpn Audit_system start....]" vpn=...info...
time="2020-10-21T16:54:38+08:00" level=warning msg="[vpn Audit_system start....]" vpn=...info...
time="2020-10-21T17:15:06+08:00" level=warning msg="[vpn Audit_system start....]" vpn=...info...
time="2020-10-21T17:18:35+08:00" level=warning msg="[vpn Audit_system start....]" vpn=...info...
time="2020-10-21T17:18:46+08:00" level=warning msg="更改密码账号]...username: liuzhuang" vpn=...info...
time="2020-10-21T17:21:55+08:00" level=warning msg="删除账号]...username: liuzhuang" vpn=...info...
time="2020-10-21T17:22:35+08:00" level=warning msg="账号添加]...username: root, passwd: vpn2020" vpn=...info...
time="2020-10-21T17:23:54+08:00" level=warning msg="[vpn Audit_system start....]" vpn=...info...
time="2020-10-21T17:24:07+08:00" level=warning msg="更改密码账号]...username: root" vpn=...info...
time="2020-10-21T17:26:16+08:00" level=warning msg="[vpn Audit_system start....]" vpn=...info...
time="2020-10-21T17:27:44+08:00" level=warning msg="[vpn Audit_system start....]" vpn=...info...
time="2020-10-21T17:58:41+08:00" level=warning msg="账号添加]...username: 刘壮, passwd: plokij123" vpn=...info...
time="2020-10-22T16:41:37+08:00" level=warning msg="[vpn Audit_system start....]" vpn=...info...
time="2020-10-22T16:44:13+08:00" level=warning msg="删除账号]...username: 刘壮" vpn=...info...
time="2020-10-23T10:22:59+08:00" level=warning msg="[vpn Audit_system start....]" vpn=...info...
time="2020-10-23T10:25:45+08:00" level=warning msg="账号添加]...username: saber, passwd: 123123" vpn=...info...
time="2020-10-23T10:38:07+08:00" level=warning msg="[vpn Audit_system start....]" vpn=...info...
time="2020-10-23T10:41:06+08:00" level=warning msg="[vpn Audit_system start....]" vpn=...info...
time="2020-10-23T10:51:25+08:00" level=warning msg="[vpn Audit_system start....]" vpn=...info...
time="2020-10-23T10:53:08+08:00" level=warning msg="[vpn Audit_system start....]" vpn=...info...
time="2020-10-23T10:53:52+08:00" level=warning msg="[vpn Audit_system start....]" vpn=...info...
time="2020-10-23T10:54:41+08:00" level=warning msg="[vpn Audit_system start....]" vpn=...info...
time="2020-10-23T11:17:48+08:00" level=warning msg="[vpn Audit_system start....]" vpn=...info...
time="2020-10-23T11:29:10+08:00" level=warning msg="[vpn Audit_system start....]" vpn=...info...
time="2020-10-23T11:31:32+08:00" level=warning msg="添加vpn账号:]...username: liuzhuang, passwd: 123123\n\n" vpn=...info...
time="2020-10-23T11:31:32+08:00" level=warning msg="添加vpn账号成功!...\n\n" vpn=...info...
time="2020-10-23T14:37:16+08:00" level=warning msg="[vpn Audit_system start....]" vpn=...info...
time="2020-10-23T14:38:48+08:00" level=warning msg="[vpn Audit_system start....]" vpn=...info...
time="2020-10-23T14:40:01+08:00" level=warning msg="[vpn Audit_system start....]" vpn=...info...
time="2020-10-23T14:44:16+08:00" level=warning msg="账号添加]...username: 刘孟希, passwd: 123123" vpn=...info...
time="2020-10-23T14:44:42+08:00" level=warning msg="更改密码账号]...username: 刘孟希" vpn=...info...
time="2020-10-23T14:53:16+08:00" level=warning msg="[vpn Audit_system start....]" vpn=...info...
time="2020-10-23T14:54:52+08:00" level=warning msg="[vpn Audit_system start....]" vpn=...info...
time="2020-10-23T14:55:45+08:00" level=warning msg="[vpn Audit_system start....]" vpn=...info...
time="2020-10-23T14:55:49+08:00" level=warning msg="vpn列表展示..." vpn=...info...
time="2020-10-23T14:55:58+08:00" level=warning msg="vpn列表展示..." vpn=...info...
time="2020-10-23T14:56:07+08:00" level=warning msg="添加vpn账号:]...username: zz, passwd: 123123\n\n" vpn=...info...
time="2020-10-23T14:56:07+08:00" level=warning msg="添加vpn账号成功!...\n\n" vpn=...info...
time="2020-10-23T14:56:08+08:00" level=warning msg="vpn列表展示..." vpn=...info...
time="2020-10-23T14:57:32+08:00" level=warning msg="[vpn Audit_system start....]" vpn=...info...
time="2020-10-23T14:57:42+08:00" level=warning msg="vpn列表展示..." vpn=...info...
time="2020-10-23T14:57:52+08:00" level=warning msg="添加vpn账号:]...username: 中123, passwd: 123123\n\n" vpn=...info...
time="2020-10-23T14:57:52+08:00" level=warning msg="添加vpn账号成功!...\n\n" vpn=...info...
time="2020-10-23T14:57:53+08:00" level=warning msg="vpn列表展示..." vpn=...info...
time="2020-10-23T14:58:01+08:00" level=warning msg="更改密码账号]...username: 中123" vpn=...info...
time="2020-10-23T14:58:02+08:00" level=warning msg="vpn列表展示..." vpn=...info...
time="2020-10-23T14:58:54+08:00" level=warning msg="删除账号]...username: 刘孟希" vpn=...info...
time="2020-10-23T15:00:01+08:00" level=warning msg="vpn列表展示..." vpn=...info...
time="2020-10-23T15:00:03+08:00" level=warning msg="vpn列表展示..." vpn=...info...
time="2020-10-23T15:40:18+08:00" level=warning msg="vpn列表展示..." vpn=...info...
time="2020-10-23T16:20:33+08:00" level=warning msg="[vpn Audit_system start....]" vpn=...info...
time="2020-10-23T16:20:51+08:00" level=warning msg="vpn列表展示..." vpn=...info...
time="2020-10-23T16:46:02+08:00" level=warning msg="[vpn Audit_system start....]" vpn=...info...
time="2020-10-23T16:46:40+08:00" level=warning msg="[vpn Audit_system start....]" vpn=...info...
time="2020-10-23T16:47:07+08:00" level=warning msg="[vpn Audit_system start....]" vpn=...info...
time="2020-10-23T16:47:11+08:00" level=warning msg="vpn列表展示..." vpn=...info...
time="2020-10-23T16:47:51+08:00" level=warning msg="[vpn Audit_system start....]" vpn=...info...
time="2020-10-23T16:47:55+08:00" level=warning msg="vpn列表展示..." vpn=...info...
time="2020-10-23T16:48:12+08:00" level=warning msg="[vpn Audit_system start....]" vpn=...info...
time="2020-10-23T16:48:18+08:00" level=warning msg="vpn列表展示..." vpn=...info...
time="2020-10-26T13:44:13+08:00" level=warning msg="[vpn Audit_system start....]" vpn=...info...
time="2020-10-26T13:45:23+08:00" level=warning msg="vpn列表展示..." vpn=...info...
time="2020-10-26T13:45:32+08:00" level=warning msg="添加vpn账号:]...username: liuzhuang, passwd: 123123\n\n" vpn=...info...
time="2020-10-26T13:45:32+08:00" level=warning msg="添加vpn账号成功!...\n\n" vpn=...info...
time="2020-10-26T13:45:33+08:00" level=warning msg="vpn列表展示..." vpn=...info...
time="2020-10-26T13:50:32+08:00" level=warning msg="[vpn Audit_system start....]" vpn=...info...
time="2020-10-26T13:51:01+08:00" level=warning msg="vpn列表展示..." vpn=...info...
time="2020-10-26T13:51:07+08:00" level=warning msg="添加vpn账号:]...username: liuzhuang, passwd: 123123\n\n" vpn=...info...
time="2020-10-26T13:51:07+08:00" level=warning msg="添加vpn账号成功!...\n\n" vpn=...info...
time="2020-10-26T13:51:09+08:00" level=warning msg="vpn列表展示..." vpn=...info...
time="2020-10-26T13:51:37+08:00" level=warning msg="添加vpn账号:]...username: zhangning, passwd: 123123\n\n" vpn=...info...
time="2020-10-26T13:51:37+08:00" level=warning msg="添加vpn账号成功!...\n\n" vpn=...info...
time="2020-10-26T13:51:37+08:00" level=warning msg="vpn列表展示..." vpn=...info...
time="2020-10-26T14:00:22+08:00" level=warning msg="[vpn Audit_system start....]" vpn=...info...
time="2020-10-26T14:00:26+08:00" level=warning msg="vpn列表展示..." vpn=...info...
time="2020-10-26T14:00:37+08:00" level=warning msg="vpn列表展示..." vpn=...info...
time="2020-10-26T14:00:51+08:00" level=warning msg="添加vpn账号:]...username: 张宁, passwd: 123123\n\n" vpn=...info...
time="2020-10-26T14:00:52+08:00" level=warning msg="添加vpn账号成功!...\n\n" vpn=...info...
time="2020-10-26T14:01:02+08:00" level=warning msg="vpn列表展示..." vpn=...info...
time="2020-10-26T14:01:43+08:00" level=warning msg="[vpn Audit_system start....]" vpn=...info...
time="2020-10-26T14:01:51+08:00" level=warning msg="vpn列表展示..." vpn=...info...
time="2020-10-26T14:02:02+08:00" level=warning msg="添加vpn账号:]...username: 张宁宁, passwd: 123123\n\n" vpn=...info...
time="2020-10-26T14:02:02+08:00" level=warning msg="添加vpn账号成功!...\n\n" vpn=...info...
time="2020-10-26T14:02:16+08:00" level=warning msg="vpn列表展示..." vpn=...info...
time="2020-10-26T14:04:49+08:00" level=warning msg="[vpn Audit_system start....]" vpn=...info...
time="2020-10-26T14:04:56+08:00" level=warning msg="vpn列表展示..." vpn=...info...
time="2020-10-26T14:05:04+08:00" level=warning msg="添加vpn账号:]...username: www, passwd: 123123\n\n" vpn=...info...
time="2020-10-26T14:05:04+08:00" level=warning msg="添加vpn账号成功!...\n\n" vpn=...info...
time="2020-10-26T14:05:41+08:00" level=warning msg="vpn列表展示..." vpn=...info...
time="2020-10-26T14:06:00+08:00" level=warning msg="vpn列表展示..." vpn=...info...
time="2020-10-26T14:15:02+08:00" level=warning msg="[vpn Audit_system start....]" vpn=...info...
time="2020-10-26T14:15:11+08:00" level=warning msg="vpn列表展示..." vpn=...info...
time="2020-10-26T14:15:17+08:00" level=warning msg="添加vpn账号:]...username: liuzhuang, passwd: 123123\n\n" vpn=...info...
time="2020-10-26T14:15:17+08:00" level=warning msg="添加vpn账号成功!...\n\n" vpn=...info...
time="2020-10-26T14:15:17+08:00" level=warning msg="vpn列表展示..." vpn=...info...
time="2020-10-26T14:15:30+08:00" level=warning msg="添加vpn账号:]...username: www, passwd: 123123\n\n" vpn=...info...
time="2020-10-26T14:15:30+08:00" level=warning msg="添加vpn账号成功!...\n\n" vpn=...info...
time="2020-10-26T14:15:35+08:00" level=warning msg="vpn列表展示..." vpn=...info...
time="2020-10-26T14:17:51+08:00" level=warning msg="[vpn Audit_system start....]" vpn=...info...
time="2020-10-26T14:18:00+08:00" level=warning msg="添加vpn账号:]...username: qqq, passwd: 123123\n\n" vpn=...info...
time="2020-10-26T14:18:00+08:00" level=warning msg="添加vpn账号成功!...\n\n" vpn=...info...
time="2020-10-26T14:18:01+08:00" level=warning msg="vpn列表展示..." vpn=...info...
time="2020-10-26T14:18:27+08:00" level=warning msg="[vpn Audit_system start....]" vpn=...info...
time="2020-10-26T14:18:35+08:00" level=warning msg="添加vpn账号:]...username: asdasd, passwd: 123123\n\n" vpn=...info...
time="2020-10-26T14:18:35+08:00" level=warning msg="添加vpn账号成功!...\n\n" vpn=...info...
time="2020-10-26T14:18:36+08:00" level=warning msg="vpn列表展示..." vpn=...info...
time="2020-10-26T14:22:29+08:00" level=warning msg="[vpn Audit_system start....]" vpn=...info...
time="2020-10-26T14:22:36+08:00" level=warning msg="vpn列表展示..." vpn=...info...
time="2020-10-26T14:22:41+08:00" level=warning msg="添加vpn账号:]...username: aaaaa, passwd: 123123\n\n" vpn=...info...
time="2020-10-26T14:22:41+08:00" level=warning msg="添加vpn账号成功!...\n\n" vpn=...info...
time="2020-10-26T14:22:42+08:00" level=warning msg="vpn列表展示..." vpn=...info...
time="2020-10-26T14:25:23+08:00" level=warning msg="[vpn Audit_system start....]" vpn=...info...
time="2020-10-26T14:25:31+08:00" level=warning msg="vpn列表展示..." vpn=...info...
time="2020-10-26T14:25:36+08:00" level=warning msg="添加vpn账号:]...username: 11111, passwd: 123123\n\n" vpn=...info...
time="2020-10-26T14:25:36+08:00" level=warning msg="添加vpn账号成功!...\n\n" vpn=...info...
time="2020-10-26T14:25:37+08:00" level=warning msg="vpn列表展示..." vpn=...info...
time="2020-10-26T14:31:56+08:00" level=warning msg="[vpn Audit_system start....]" vpn=...info...
time="2020-10-26T14:32:08+08:00" level=warning msg="vpn列表展示..." vpn=...info...
time="2020-10-26T14:32:13+08:00" level=warning msg="添加vpn账号:]...username: aaddd, passwd: 123123\n\n" vpn=...info...
time="2020-10-26T14:32:13+08:00" level=warning msg="添加vpn账号成功!...\n\n" vpn=...info...
time="2020-10-26T14:32:14+08:00" level=warning msg="vpn列表展示..." vpn=...info...
time="2020-10-26T14:36:49+08:00" level=warning msg="[vpn Audit_system start....]" vpn=...info...
time="2020-10-26T14:36:55+08:00" level=warning msg="vpn列表展示..." vpn=...info...
time="2020-10-26T14:37:01+08:00" level=warning msg="添加vpn账号:]...username: AAAAAA, passwd: 123123\n\n" vpn=...info...
time="2020-10-26T14:37:01+08:00" level=warning msg="添加vpn账号成功!...\n\n" vpn=...info...
time="2020-10-26T14:37:02+08:00" level=warning msg="vpn列表展示..." vpn=...info...
time="2020-10-26T14:38:23+08:00" level=warning msg="[vpn Audit_system start....]" vpn=...info...
time="2020-10-26T14:38:36+08:00" level=warning msg="添加vpn账号:]...username: asdasdasd, passwd: 123123\n\n" vpn=...info...
time="2020-10-26T14:38:36+08:00" level=warning msg="添加vpn账号成功!...\n\n" vpn=...info...
time="2020-10-26T14:38:37+08:00" level=warning msg="vpn列表展示..." vpn=...info...
time="2020-10-26T14:39:59+08:00" level=warning msg="[vpn Audit_system start....]" vpn=...info...
time="2020-10-26T14:40:13+08:00" level=warning msg="添加vpn账号:]...username: ggg, passwd: 123123\n\n" vpn=...info...
time="2020-10-26T14:40:13+08:00" level=warning msg="添加vpn账号成功!...\n\n" vpn=...info...
time="2020-10-26T14:40:14+08:00" level=warning msg="vpn列表展示..." vpn=...info...
time="2020-10-26T14:40:28+08:00" level=warning msg="vpn列表展示..." vpn=...info...
time="2020-10-26T14:40:31+08:00" level=warning msg="vpn列表展示..." vpn=...info...
time="2020-10-26T14:40:38+08:00" level=warning msg="vpn列表展示..." vpn=...info...
time="2020-10-26T14:40:41+08:00" level=warning msg="vpn列表展示..." vpn=...info...
time="2020-10-26T14:40:44+08:00" level=warning msg="vpn列表展示..." vpn=...info...
time="2020-10-26T14:40:55+08:00" level=warning msg="vpn列表展示..." vpn=...info...
time="2020-10-26T16:07:34+08:00" level=warning msg="[vpn Audit_system start....]" vpn=...info...
time="2020-10-26T16:07:50+08:00" level=warning msg="vpn列表展示..." vpn=...info...
time="2020-10-26T16:07:55+08:00" level=warning msg="添加vpn账号:]...username: liuzhuang, passwd: 123123\n\n" vpn=...info...
time="2020-10-26T16:07:55+08:00" level=warning msg="添加vpn账号成功!...\n\n" vpn=...info...
time="2020-10-26T16:07:56+08:00" level=warning msg="vpn列表展示..." vpn=...info...
time="2020-10-26T16:08:56+08:00" level=warning msg="[vpn Audit_system start....]" vpn=...info...
time="2020-10-26T16:09:07+08:00" level=warning msg="vpn列表展示..." vpn=...info...
time="2020-10-26T16:09:11+08:00" level=warning msg="添加vpn账号:]...username: liuzhuang, passwd: 123123\n\n" vpn=...info...
time="2020-10-26T16:09:12+08:00" level=warning msg="添加vpn账号成功!...\n\n" vpn=...info...
time="2020-10-26T16:09:12+08:00" level=warning msg="添加vpn账号:]...username: liuzhuang, passwd: 123123\n\n" vpn=...info...
time="2020-10-26T16:09:12+08:00" level=warning msg="添加vpn账号成功!...\n\n" vpn=...info...
time="2020-10-26T16:09:14+08:00" level=warning msg="vpn列表展示..." vpn=...info...
time="2020-10-26T16:09:17+08:00" level=warning msg="vpn列表展示..." vpn=...info...
time="2020-10-26T16:12:12+08:00" level=warning msg="[vpn Audit_system start....]" vpn=...info...
time="2020-10-26T16:12:15+08:00" level=warning msg="vpn列表展示..." vpn=...info...
time="2020-10-26T16:12:21+08:00" level=warning msg="添加vpn账号:]...username: liuzhuang, passwd: 123123\n\n" vpn=...info...
time="2020-10-26T16:12:21+08:00" level=warning msg="添加vpn账号成功!...\n\n" vpn=...info...
time="2020-10-26T16:12:22+08:00" level=warning msg="vpn列表展示..." vpn=...info...
time="2020-10-26T16:13:50+08:00" level=warning msg="添加vpn账号:]...username: zhangning, passwd: 123123\n\n" vpn=...info...
time="2020-10-26T16:13:50+08:00" level=warning msg="添加vpn账号成功!...\n\n" vpn=...info...
time="2020-10-26T16:13:51+08:00" level=warning msg="vpn列表展示..." vpn=...info...
time="2020-10-26T16:15:30+08:00" level=warning msg="添加vpn账号:]...username: aaa, passwd: 123123\n\n" vpn=...info...
time="2020-10-26T16:15:30+08:00" level=warning msg="添加vpn账号成功!...\n\n" vpn=...info...
time="2020-10-26T16:15:32+08:00" level=warning msg="vpn列表展示..." vpn=...info...
time="2020-10-26T16:26:19+08:00" level=warning msg="[vpn Audit_system start....]" vpn=...info...
time="2020-10-26T16:27:25+08:00" level=warning msg="vpn列表展示..." vpn=...info...
time="2020-10-26T16:27:30+08:00" level=warning msg="添加vpn账号:]...username: liuzhuang, passwd: 123123\n\n" vpn=...info...
time="2020-10-26T16:27:30+08:00" level=warning msg="添加vpn账号成功!...\n\n" vpn=...info...
time="2020-10-26T16:27:31+08:00" level=warning msg="添加vpn账号:]...username: liuzhuang, passwd: 123123\n\n" vpn=...info...
time="2020-10-26T16:27:31+08:00" level=warning msg="添加vpn账号成功!...\n\n" vpn=...info...
time="2020-10-26T16:27:32+08:00" level=warning msg="vpn列表展示..." vpn=...info...
time="2020-10-26T16:27:37+08:00" level=warning msg="添加vpn账号:]...username: asdasd, passwd: 123123\n\n" vpn=...info...
time="2020-10-26T16:27:37+08:00" level=warning msg="添加vpn账号成功!...\n\n" vpn=...info...
time="2020-10-26T16:27:38+08:00" level=warning msg="vpn列表展示..." vpn=...info...
time="2020-10-26T16:27:57+08:00" level=warning msg="添加vpn账号:]...username: aaa, passwd: 123123\n\n" vpn=...info...
time="2020-10-26T16:27:57+08:00" level=warning msg="添加vpn账号成功!...\n\n" vpn=...info...
time="2020-10-26T16:27:59+08:00" level=warning msg="vpn列表展示..." vpn=...info...
time="2020-10-26T16:31:59+08:00" level=warning msg="[vpn Audit_system start....]" vpn=...info...
time="2020-10-26T16:33:14+08:00" level=warning msg="vpn列表展示..." vpn=...info...
time="2020-10-26T16:33:26+08:00" level=warning msg="vpn列表展示..." vpn=...info...
time="2020-10-26T16:33:31+08:00" level=warning msg="添加vpn账号:]...username: liuzhuang, passwd: 123123\n\n" vpn=...info...
time="2020-10-26T16:33:31+08:00" level=warning msg="添加vpn账号成功!...\n\n" vpn=...info...
time="2020-10-26T16:33:32+08:00" level=warning msg="vpn列表展示..." vpn=...info...
time="2020-10-26T16:33:43+08:00" level=warning msg="添加vpn账号:]...username: zhangning, passwd: 123123\n\n" vpn=...info...
time="2020-10-26T16:33:43+08:00" level=warning msg="添加vpn账号成功!...\n\n" vpn=...info...
time="2020-10-26T16:33:44+08:00" level=warning msg="vpn列表展示..." vpn=...info...
time="2020-10-26T16:34:31+08:00" level=warning msg="添加vpn账号:]...username: sssss, passwd: 123123\n\n" vpn=...info...
time="2020-10-26T16:34:31+08:00" level=warning msg="添加vpn账号成功!...\n\n" vpn=...info...
time="2020-10-26T16:34:32+08:00" level=warning msg="vpn列表展示..." vpn=...info...
time="2020-10-26T16:37:15+08:00" level=warning msg="[vpn Audit_system start....]" vpn=...info...
time="2020-10-26T16:41:48+08:00" level=warning msg="[vpn Audit_system start....]" vpn=...info...
time="2020-10-26T16:41:57+08:00" level=warning msg="vpn列表展示..." vpn=...info...
time="2020-10-26T16:42:05+08:00" level=warning msg="添加vpn账号:]...username: liuzhuang, passwd: 123123\n\n" vpn=...info...
time="2020-10-26T16:42:05+08:00" level=warning msg="添加vpn账号成功!...\n\n" vpn=...info...
time="2020-10-26T16:42:06+08:00" level=warning msg="vpn列表展示..." vpn=...info...
time="2020-10-26T16:42:39+08:00" level=warning msg="添加vpn账号:]...username: zhangning, passwd: 123123\n\n" vpn=...info...
time="2020-10-26T16:42:39+08:00" level=warning msg="添加vpn账号成功!...\n\n" vpn=...info...
time="2020-10-26T16:42:40+08:00" level=warning msg="vpn列表展示..." vpn=...info...
time="2020-10-26T16:47:53+08:00" level=warning msg="[vpn Audit_system start....]" vpn=...info...
time="2020-10-26T16:48:01+08:00" level=warning msg="vpn列表展示..." vpn=...info...
time="2020-10-26T16:50:34+08:00" level=warning msg="添加vpn账号:]...username: asdasd, passwd: 123123\n\n" vpn=...info...
time="2020-10-26T16:50:34+08:00" level=warning msg="添加vpn账号成功!...\n\n" vpn=...info...
time="2020-10-26T16:50:35+08:00" level=warning msg="vpn列表展示..." vpn=...info...
time="2020-10-26T16:52:23+08:00" level=warning msg="[vpn Audit_system start....]" vpn=...info...
time="2020-10-26T16:52:28+08:00" level=warning msg="vpn列表展示..." vpn=...info...
time="2020-10-26T16:52:32+08:00" level=warning msg="添加vpn账号:]...username: aaa, passwd: 123123\n\n" vpn=...info...
time="2020-10-26T16:52:32+08:00" level=warning msg="添加vpn账号成功!...\n\n" vpn=...info...
time="2020-10-26T16:52:33+08:00" level=warning msg="vpn列表展示..." vpn=...info...
time="2020-10-26T16:53:37+08:00" level=warning msg="[vpn Audit_system start....]" vpn=...info...
time="2020-10-26T16:53:43+08:00" level=warning msg="添加vpn账号:]...username: ccc, passwd: 123123\n\n" vpn=...info...
time="2020-10-26T16:53:43+08:00" level=warning msg="添加vpn账号成功!...\n\n" vpn=...info...
time="2020-10-26T16:53:44+08:00" level=warning msg="vpn列表展示..." vpn=...info...
time="2020-10-26T16:56:29+08:00" level=warning msg="[vpn Audit_system start....]" vpn=...info...
time="2020-10-26T16:56:41+08:00" level=warning msg="添加vpn账号:]...username: asdasdasd, passwd: 123123\n\n" vpn=...info...
time="2020-10-26T16:56:41+08:00" level=warning msg="添加vpn账号成功!...\n\n" vpn=...info...
time="2020-10-26T16:56:42+08:00" level=warning msg="vpn列表展示..." vpn=...info...
time="2020-10-26T16:58:41+08:00" level=warning msg="[vpn Audit_system start....]" vpn=...info...
time="2020-10-26T16:58:47+08:00" level=warning msg="添加vpn账号:]...username: cccc, passwd: 123123\n\n" vpn=...info...
time="2020-10-26T16:58:47+08:00" level=warning msg="添加vpn账号成功!...\n\n" vpn=...info...
time="2020-10-26T16:58:48+08:00" level=warning msg="vpn列表展示..." vpn=...info...
time="2020-10-26T17:03:54+08:00" level=warning msg="[vpn Audit_system start....]" vpn=...info...
time="2020-10-26T17:04:07+08:00" level=warning msg="添加vpn账号:]...username: aaaaaaa, passwd: 123123\n\n" vpn=...info...
time="2020-10-26T17:04:07+08:00" level=warning msg="添加vpn账号成功!...\n\n" vpn=...info...
time="2020-10-26T17:04:08+08:00" level=warning msg="vpn列表展示..." vpn=...info...
time="2020-10-26T17:04:42+08:00" level=warning msg="添加vpn账号:]...username: gggg, passwd: 123123\n\n" vpn=...info...
time="2020-10-26T17:04:42+08:00" level=warning msg="添加vpn账号成功!...\n\n" vpn=...info...
time="2020-10-26T17:04:43+08:00" level=warning msg="vpn列表展示..." vpn=...info...
time="2020-10-26T17:05:37+08:00" level=warning msg="[vpn Audit_system start....]" vpn=...info...
time="2020-10-26T17:05:45+08:00" level=warning msg="添加vpn账号:]...username: hjl, passwd: 123123\n\n" vpn=...info...
time="2020-10-26T17:05:45+08:00" level=warning msg="添加vpn账号成功!...\n\n" vpn=...info...
time="2020-10-26T17:05:46+08:00" level=warning msg="vpn列表展示..." vpn=...info...
time="2020-10-26T17:06:53+08:00" level=warning msg="[vpn Audit_system start....]" vpn=...info...
time="2020-10-26T17:06:58+08:00" level=warning msg="添加vpn账号:]...username: ttt, passwd: 123123\n\n" vpn=...info...
time="2020-10-26T17:06:58+08:00" level=warning msg="添加vpn账号成功!...\n\n" vpn=...info...
time="2020-10-26T17:06:59+08:00" level=warning msg="vpn列表展示..." vpn=...info...
time="2020-10-26T17:07:25+08:00" level=warning msg="[vpn Audit_system start....]" vpn=...info...
time="2020-10-26T17:07:32+08:00" level=warning msg="添加vpn账号:]...username: jk, passwd: 123123\n\n" vpn=...info...
time="2020-10-26T17:07:32+08:00" level=warning msg="添加vpn账号成功!...\n\n" vpn=...info...
time="2020-10-26T17:07:33+08:00" level=warning msg="vpn列表展示..." vpn=...info...
time="2020-10-26T17:08:11+08:00" level=warning msg="[vpn Audit_system start....]" vpn=...info...
time="2020-10-26T17:08:20+08:00" level=warning msg="vpn列表展示..." vpn=...info...
time="2020-10-26T17:08:25+08:00" level=warning msg="添加vpn账号:]...username: hjk, passwd: 123123\n\n" vpn=...info...
time="2020-10-26T17:08:25+08:00" level=warning msg="添加vpn账号成功!...\n\n" vpn=...info...
time="2020-10-26T17:08:26+08:00" level=warning msg="vpn列表展示..." vpn=...info...
time="2020-10-26T17:09:25+08:00" level=warning msg="[vpn Audit_system start....]" vpn=...info...
time="2020-10-26T17:09:33+08:00" level=warning msg="添加vpn账号:]...username: jklpp, passwd: 123123\n\n" vpn=...info...
time="2020-10-26T17:09:33+08:00" level=warning msg="添加vpn账号成功!...\n\n" vpn=...info...
time="2020-10-26T17:09:34+08:00" level=warning msg="vpn列表展示..." vpn=...info...
time="2020-10-26T17:15:56+08:00" level=warning msg="[vpn Audit_system start....]" vpn=...info...
time="2020-10-26T17:16:05+08:00" level=warning msg="vpn列表展示..." vpn=...info...
time="2020-10-26T17:57:23+08:00" level=warning msg="[vpn Audit_system start....]" vpn=...info...
time="2020-10-26T17:57:28+08:00" level=warning msg="vpn列表展示..." vpn=...info...
time="2020-10-26T17:57:31+08:00" level=warning msg="vpn列表展示..." vpn=...info...
time="2020-10-26T17:57:33+08:00" level=warning msg="vpn列表展示..." vpn=...info...
time="2020-10-26T17:57:35+08:00" level=warning msg="vpn列表展示..." vpn=...info...
time="2020-10-26T17:57:40+08:00" level=warning msg="vpn列表展示..." vpn=...info...
time="2020-10-26T18:00:11+08:00" level=warning msg="[vpn Audit_system start....]" vpn=...info...
time="2020-10-26T18:00:17+08:00" level=warning msg="vpn列表展示..." vpn=...info...
time="2020-10-26T18:00:46+08:00" level=warning msg="vpn列表展示..." vpn=...info...
time="2020-10-26T18:00:47+08:00" level=warning msg="vpn列表展示..." vpn=...info...
time="2020-10-26T18:01:46+08:00" level=warning msg="[vpn Audit_system start....]" vpn=...info...
time="2020-10-26T18:01:49+08:00" level=warning msg="vpn列表展示..." vpn=...info...
time="2020-10-26T18:01:59+08:00" level=warning msg="vpn列表展示..." vpn=...info...
time="2020-10-26T18:02:06+08:00" level=warning msg="vpn列表展示..." vpn=...info...
time="2020-10-26T18:03:09+08:00" level=warning msg="[vpn Audit_system start....]" vpn=...info...
time="2020-10-26T18:03:13+08:00" level=warning msg="vpn列表展示..." vpn=...info...
time="2020-10-26T18:06:54+08:00" level=warning msg="[vpn Audit_system start....]" vpn=...info...
time="2020-10-26T18:07:00+08:00" level=warning msg="vpn列表展示..." vpn=...info...
time="2020-10-26T18:07:03+08:00" level=warning msg="vpn列表展示..." vpn=...info...
time="2020-10-26T18:07:06+08:00" level=warning msg="vpn列表展示..." vpn=...info...
time="2020-10-26T18:07:55+08:00" level=warning msg="[vpn Audit_system start....]" vpn=...info...
time="2020-10-26T18:07:57+08:00" level=warning msg="vpn列表展示..." vpn=...info...
time="2020-10-26T18:07:59+08:00" level=warning msg="vpn列表展示..." vpn=...info...
time="2020-10-26T18:08:00+08:00" level=warning msg="vpn列表展示..." vpn=...info...
time="2020-10-26T18:08:02+08:00" level=warning msg="vpn列表展示..." vpn=...info...
time="2020-10-26T18:08:06+08:00" level=warning msg="vpn列表展示..." vpn=...info...
time="2020-10-26T18:08:08+08:00" level=warning msg="vpn列表展示..." vpn=...info...
time="2020-10-26T18:08:12+08:00" level=warning msg="vpn列表展示..." vpn=...info...
time="2020-10-26T18:08:14+08:00" level=warning msg="vpn列表展示..." vpn=...info...
time="2020-10-26T18:08:17+08:00" level=warning msg="vpn列表展示..." vpn=...info...
time="2020-10-26T18:08:22+08:00" level=warning msg="vpn列表展示..." vpn=...info...
time="2020-10-26T18:08:45+08:00" level=warning msg="[vpn Audit_system start....]" vpn=...info...
time="2020-10-26T18:08:47+08:00" level=warning msg="vpn列表展示..." vpn=...info...
time="2020-10-26T18:08:49+08:00" level=warning msg="vpn列表展示..." vpn=...info...
time="2020-10-26T18:08:50+08:00" level=warning msg="vpn列表展示..." vpn=...info...
time="2020-10-26T18:08:55+08:00" level=warning msg="vpn列表展示..." vpn=...info...
time="2020-10-26T18:10:22+08:00" level=warning msg="[vpn Audit_system start....]" vpn=...info...
time="2020-10-26T18:10:24+08:00" level=warning msg="vpn列表展示..." vpn=...info...
time="2020-10-26T18:10:27+08:00" level=warning msg="vpn列表展示..." vpn=...info...
time="2020-10-26T18:10:51+08:00" level=warning msg="vpn列表展示..." vpn=...info...
time="2020-10-26T18:10:53+08:00" level=warning msg="vpn列表展示..." vpn=...info...
time="2020-10-26T18:10:57+08:00" level=warning msg="vpn列表展示..." vpn=...info...
time="2020-10-26T18:11:44+08:00" level=warning msg="[vpn Audit_system start....]" vpn=...info...
time="2020-10-26T18:11:47+08:00" level=warning msg="vpn列表展示..." vpn=...info...
time="2020-10-26T18:11:48+08:00" level=warning msg="vpn列表展示..." vpn=...info...
time="2020-10-26T18:11:50+08:00" level=warning msg="vpn列表展示..." vpn=...info...
time="2020-10-26T18:11:55+08:00" level=warning msg="vpn列表展示..." vpn=...info...
time="2020-10-26T18:12:02+08:00" level=warning msg="vpn列表展示..." vpn=...info...
time="2020-10-26T18:12:03+08:00" level=warning msg="vpn列表展示..." vpn=...info...
time="2020-10-26T18:12:03+08:00" level=warning msg="vpn列表展示..." vpn=...info...
time="2020-10-26T18:12:04+08:00" level=warning msg="vpn列表展示..." vpn=...info...
time="2020-10-26T18:12:04+08:00" level=warning msg="vpn列表展示..." vpn=...info...
time="2020-10-26T18:12:05+08:00" level=warning msg="vpn列表展示..." vpn=...info...
time="2020-10-26T18:12:10+08:00" level=warning msg="vpn列表展示..." vpn=...info...
time="2020-10-26T18:12:13+08:00" level=warning msg="vpn列表展示..." vpn=...info...
time="2020-10-26T18:12:24+08:00" level=warning msg="vpn列表展示..." vpn=...info...
time="2020-10-26T18:12:27+08:00" level=warning msg="vpn列表展示..." vpn=...info...
time="2020-10-26T18:14:56+08:00" level=warning msg="vpn列表展示..." vpn=...info...
time="2020-10-26T18:17:29+08:00" level=warning msg="vpn列表展示..." vpn=...info...
time="2020-10-26T18:17:38+08:00" level=warning msg="vpn列表展示..." vpn=...info...
time="2020-10-26T18:19:46+08:00" level=warning msg="[vpn Audit_system start....]" vpn=...info...
time="2020-10-26T18:20:13+08:00" level=warning msg="[vpn Audit_system start....]" vpn=...info...
time="2020-10-26T18:21:39+08:00" level=warning msg="[vpn Audit_system start....]" vpn=...info...
time="2020-10-26T18:22:01+08:00" level=warning msg="[vpn Audit_system start....]" vpn=...info...
time="2020-10-26T18:22:05+08:00" level=warning msg="vpn列表展示..." vpn=...info...
time="2020-10-26T18:22:31+08:00" level=warning msg="[vpn Audit_system start....]" vpn=...info...
time="2020-10-26T18:22:36+08:00" level=warning msg="vpn列表展示..." vpn=...info...
time="2020-10-26T18:23:45+08:00" level=warning msg="[vpn Audit_system start....]" vpn=...info...
time="2020-10-26T18:23:48+08:00" level=warning msg="vpn列表展示..." vpn=...info...
time="2020-10-26T18:34:07+08:00" level=warning msg="[vpn Audit_system start....]" vpn=...info...
time="2020-10-26T18:34:18+08:00" level=warning msg="vpn列表展示..." vpn=...info...
time="2020-10-26T18:36:36+08:00" level=warning msg="[vpn Audit_system start....]" vpn=...info...
time="2020-10-26T18:36:41+08:00" level=warning msg="vpn列表展示..." vpn=...info...
time="2020-10-26T18:38:01+08:00" level=warning msg="[vpn Audit_system start....]" vpn=...info...
time="2020-10-26T18:38:03+08:00" level=warning msg="vpn列表展示..." vpn=...info...
time="2020-10-26T18:38:43+08:00" level=warning msg="[vpn Audit_system start....]" vpn=...info...
time="2020-10-26T18:38:48+08:00" level=warning msg="vpn列表展示..." vpn=...info...
time="2020-10-26T18:40:33+08:00" level=warning msg="[vpn Audit_system start....]" vpn=...info...
time="2020-10-26T18:40:34+08:00" level=warning msg="vpn列表展示..." vpn=...info...
time="2020-10-26T18:41:41+08:00" level=warning msg="[vpn Audit_system start....]" vpn=...info...
time="2020-10-26T18:41:44+08:00" level=warning msg="vpn列表展示..." vpn=...info...
time="2020-10-26T18:43:12+08:00" level=warning msg="[vpn Audit_system start....]" vpn=...info...
time="2020-10-26T18:43:14+08:00" level=warning msg="vpn列表展示..." vpn=...info...
time="2020-10-26T18:45:43+08:00" level=warning msg="[vpn Audit_system start....]" vpn=...info...
time="2020-10-26T18:45:45+08:00" level=warning msg="vpn列表展示..." vpn=...info...
time="2020-10-26T18:46:18+08:00" level=warning msg="[vpn Audit_system start....]" vpn=...info...
time="2020-10-26T18:51:40+08:00" level=warning msg="[vpn Audit_system start....]" vpn=...info...
time="2020-10-26T18:51:45+08:00" level=warning msg="vpn列表展示..." vpn=...info...
time="2020-10-26T18:53:19+08:00" level=warning msg="[vpn Audit_system start....]" vpn=...info...
time="2020-10-26T18:53:26+08:00" level=warning msg="vpn列表展示..." vpn=...info...
time="2020-10-26T18:54:45+08:00" level=warning msg="[vpn Audit_system start....]" vpn=...info...
time="2020-10-26T18:54:50+08:00" level=warning msg="vpn列表展示..." vpn=...info...
time="2020-10-26T18:55:02+08:00" level=warning msg="vpn列表展示..." vpn=...info...
time="2020-10-26T18:55:36+08:00" level=warning msg="[vpn Audit_system start....]" vpn=...info...
time="2020-10-26T18:55:37+08:00" level=warning msg="vpn列表展示..." vpn=...info...
time="2020-10-26T18:56:42+08:00" level=warning msg="[vpn Audit_system start....]" vpn=...info...
time="2020-10-26T18:56:44+08:00" level=warning msg="vpn列表展示..." vpn=...info...
time="2020-10-26T18:58:48+08:00" level=warning msg="[vpn Audit_system start....]" vpn=...info...
time="2020-10-26T18:58:52+08:00" level=warning msg="vpn列表展示..." vpn=...info...
time="2020-10-26T19:00:35+08:00" level=warning msg="vpn列表展示..." vpn=...info...
time="2020-10-26T19:00:36+08:00" level=warning msg="vpn列表展示..." vpn=...info...
time="2020-10-26T19:03:06+08:00" level=warning msg="[vpn Audit_system start....]" vpn=...info...
time="2020-10-26T19:03:19+08:00" level=warning msg="vpn列表展示..." vpn=...info...
time="2020-10-27T10:09:56+08:00" level=warning msg="[vpn Audit_system start....]" vpn=...info...
time="2020-10-27T10:10:02+08:00" level=warning msg="vpn列表展示..." vpn=...info...
time="2020-10-27T10:21:15+08:00" level=warning msg="[vpn Audit_system start....]" vpn=...info...
time="2020-10-27T10:21:57+08:00" level=warning msg="vpn列表展示..." vpn=...info...
time="2020-10-27T10:25:17+08:00" level=warning msg="[vpn Audit_system start....]" vpn=...info...
time="2020-10-27T10:25:22+08:00" level=warning msg="vpn列表展示..." vpn=...info...
time="2020-10-27T10:26:12+08:00" level=warning msg="vpn列表展示..." vpn=...info...
time="2020-10-27T10:33:05+08:00" level=warning msg="[vpn Audit_system start....]" vpn=...info...
time="2020-10-27T10:33:29+08:00" level=warning msg="vpn列表展示..." vpn=...info...
time="2020-10-27T10:35:04+08:00" level=warning msg="[vpn Audit_system start....]" vpn=...info...
time="2020-10-27T10:35:09+08:00" level=warning msg="vpn列表展示..." vpn=...info...
time="2020-10-27T10:40:00+08:00" level=warning msg="[vpn Audit_system start....]" vpn=...info...
time="2020-10-27T10:40:25+08:00" level=warning msg="vpn列表展示..." vpn=...info...
time="2020-10-27T10:41:14+08:00" level=warning msg="[vpn Audit_system start....]" vpn=...info...
time="2020-10-27T10:41:19+08:00" level=warning msg="vpn列表展示..." vpn=...info...
time="2020-10-27T10:41:58+08:00" level=warning msg="[vpn Audit_system start....]" vpn=...info...
time="2020-10-27T10:42:02+08:00" level=warning msg="vpn列表展示..." vpn=...info...
time="2020-10-27T10:43:43+08:00" level=warning msg="[vpn Audit_system start....]" vpn=...info...
time="2020-10-27T10:43:46+08:00" level=warning msg="vpn列表展示..." vpn=...info...
time="2020-10-27T10:44:51+08:00" level=warning msg="[vpn Audit_system start....]" vpn=...info...
time="2020-10-27T10:45:01+08:00" level=warning msg="vpn列表展示..." vpn=...info...
time="2020-10-27T10:50:53+08:00" level=warning msg="vpn列表展示..." vpn=...info...
time="2020-10-27T11:01:44+08:00" level=warning msg="[vpn Audit_system start....]" vpn=...info...
time="2020-10-27T11:01:54+08:00" level=warning msg="vpn列表展示..." vpn=...info...
time="2020-10-27T11:07:48+08:00" level=warning msg="[vpn Audit_system start....]" vpn=...info...
time="2020-10-27T11:07:55+08:00" level=warning msg="vpn列表展示..." vpn=...info...
time="2020-10-27T11:08:35+08:00" level=warning msg="[vpn Audit_system start....]" vpn=...info...
time="2020-10-27T11:08:39+08:00" level=warning msg="vpn列表展示..." vpn=...info...
time="2020-10-27T11:09:34+08:00" level=warning msg="vpn列表展示..." vpn=...info...
time="2020-10-27T11:09:34+08:00" level=warning msg="vpn列表展示..." vpn=...info...
time="2020-10-27T11:09:36+08:00" level=warning msg="vpn列表展示..." vpn=...info...
time="2020-10-27T11:10:34+08:00" level=warning msg="[vpn Audit_system start....]" vpn=...info...
time="2020-10-27T11:10:49+08:00" level=warning msg="vpn列表展示..." vpn=...info...
time="2020-10-27T11:19:08+08:00" level=warning msg="vpn列表展示..." vpn=...info...
time="2020-10-27T11:20:58+08:00" level=warning msg="[vpn Audit_system start....]" vpn=...info...
time="2020-10-27T11:21:03+08:00" level=warning msg="vpn列表展示..." vpn=...info...
time="2020-10-27T11:21:19+08:00" level=warning msg="vpn列表展示..." vpn=...info...
time="2020-10-27T11:23:28+08:00" level=warning msg="[vpn Audit_system start....]" vpn=...info...
time="2020-10-27T11:27:19+08:00" level=warning msg="[vpn Audit_system start....]" vpn=...info...
time="2020-10-27T11:28:15+08:00" level=warning msg="[vpn Audit_system start....]" vpn=...info...
time="2020-10-27T11:28:20+08:00" level=warning msg="vpn列表展示..." vpn=...info...
time="2020-10-27T11:29:18+08:00" level=warning msg="[vpn Audit_system start....]" vpn=...info...
time="2020-10-27T11:29:24+08:00" level=warning msg="vpn列表展示..." vpn=...info...
time="2020-10-27T11:29:25+08:00" level=warning msg="vpn列表展示..." vpn=...info...
time="2020-10-27T11:29:26+08:00" level=warning msg="vpn列表展示..." vpn=...info...
time="2020-10-27T11:58:29+08:00" level=warning msg="[vpn Audit_system start....]" vpn=...info...
time="2020-10-27T12:01:16+08:00" level=warning msg="[vpn Audit_system start....]" vpn=...info...
time="2020-10-27T12:01:19+08:00" level=warning msg="vpn列表展示..." vpn=...info...
time="2020-10-27T13:34:21+08:00" level=warning msg="vpn列表展示..." vpn=...info...
time="2020-10-27T13:34:25+08:00" level=warning msg="vpn列表展示..." vpn=...info...
time="2020-10-27T13:39:10+08:00" level=warning msg="[vpn Audit_system start....]" vpn=...info...
time="2020-10-27T13:39:54+08:00" level=warning msg="[vpn Audit_system start....]" vpn=...info...
time="2020-10-27T13:42:47+08:00" level=warning msg="[vpn Audit_system start....]" vpn=...info...
time="2020-10-27T13:44:50+08:00" level=warning msg="[vpn Audit_system start....]" vpn=...info...
time="2020-10-27T13:48:15+08:00" level=warning msg="[vpn Audit_system start....]" vpn=...info...
time="2020-10-27T13:52:41+08:00" level=warning msg="[vpn Audit_system start....]" vpn=...info...
time="2020-10-27T13:54:35+08:00" level=warning msg="[vpn Audit_system start....]" vpn=...info...
time="2020-10-27T14:01:07+08:00" level=warning msg="[vpn Audit_system start....]" vpn=...info...
time="2020-10-27T14:07:26+08:00" level=warning msg="[vpn Audit_system start....]" vpn=...info...
time="2020-10-27T14:08:34+08:00" level=warning msg="[vpn Audit_system start....]" vpn=...info...
time="2020-10-27T14:13:48+08:00" level=warning msg="[vpn Audit_system start....]" vpn=...info...
time="2020-10-27T14:15:33+08:00" level=warning msg="[vpn Audit_system start....]" vpn=...info...
time="2020-10-27T14:16:54+08:00" level=warning msg="[vpn Audit_system start....]" vpn=...info...
time="2020-10-27T14:17:46+08:00" level=warning msg="[vpn Audit_system start....]" vpn=...info...
time="2020-10-27T14:19:14+08:00" level=warning msg="[vpn Audit_system start....]" vpn=...info...
time="2020-10-27T14:24:53+08:00" level=warning msg="[vpn Audit_system start....]" vpn=...info...
time="2020-10-27T14:25:49+08:00" level=warning msg="[vpn Audit_system start....]" vpn=...info...
time="2020-10-27T14:26:16+08:00" level=warning msg="[vpn Audit_system start....]" vpn=...info...
time="2020-10-27T14:27:00+08:00" level=warning msg="[vpn Audit_system start....]" vpn=...info...
time="2020-10-27T14:38:47+08:00" level=warning msg="[vpn Audit_system start....]" vpn=...info...
time="2020-10-27T14:38:53+08:00" level=warning msg="vpn列表展示..." vpn=...info...
time="2020-10-27T14:39:26+08:00" level=warning msg="[vpn Audit_system start....]" vpn=...info...
time="2020-10-27T14:40:49+08:00" level=warning msg="[vpn Audit_system start....]" vpn=...info...
time="2020-10-27T14:42:10+08:00" level=warning msg="[vpn Audit_system start....]" vpn=...info...
time="2020-10-27T14:44:34+08:00" level=warning msg="[vpn Audit_system start....]" vpn=...info...
time="2020-10-27T14:45:12+08:00" level=warning msg="[vpn Audit_system start....]" vpn=...info...
time="2020-10-27T14:46:48+08:00" level=warning msg="[vpn Audit_system start....]" vpn=...info...
time="2020-10-27T14:48:52+08:00" level=warning msg="[vpn Audit_system start....]" vpn=...info...
time="2020-10-27T14:50:04+08:00" level=warning msg="[vpn Audit_system start....]" vpn=...info...
time="2020-10-27T14:51:23+08:00" level=warning msg="[vpn Audit_system start....]" vpn=...info...
time="2020-10-27T14:55:57+08:00" level=warning msg="[vpn Audit_system start....]" vpn=...info...
time="2020-10-27T14:56:17+08:00" level=warning msg="vpn列表展示..." vpn=...info...
time="2020-10-27T14:57:00+08:00" level=warning msg="[vpn Audit_system start....]" vpn=...info...
time="2020-10-27T14:58:25+08:00" level=warning msg="[vpn Audit_system start....]" vpn=...info...
time="2020-10-27T15:00:24+08:00" level=warning msg="[vpn Audit_system start....]" vpn=...info...
time="2020-10-27T15:02:38+08:00" level=warning msg="[vpn Audit_system start....]" vpn=...info...
time="2020-10-27T15:03:57+08:00" level=warning msg="[vpn Audit_system start....]" vpn=...info...
time="2020-10-27T15:06:05+08:00" level=warning msg="[vpn Audit_system start....]" vpn=...info...
time="2020-10-27T15:06:44+08:00" level=warning msg="[vpn Audit_system start....]" vpn=...info...
time="2020-10-27T15:15:10+08:00" level=warning msg="[vpn Audit_system start....]" vpn=...info...
time="2020-10-27T15:17:10+08:00" level=warning msg="[vpn Audit_system start....]" vpn=...info...
time="2020-10-27T15:19:07+08:00" level=warning msg="[vpn Audit_system start....]" vpn=...info...
time="2020-10-27T15:19:42+08:00" level=warning msg="vpn列表展示..." vpn=...info...
time="2020-10-27T15:24:54+08:00" level=warning msg="[vpn Audit_system start....]" vpn=...info...
time="2020-10-27T15:25:21+08:00" level=warning msg="[vpn Audit_system start....]" vpn=...info...
time="2020-10-27T15:26:30+08:00" level=warning msg="[vpn Audit_system start....]" vpn=...info...
time="2020-10-27T15:27:06+08:00" level=warning msg="[vpn Audit_system start....]" vpn=...info...
time="2020-10-27T15:28:19+08:00" level=warning msg="[vpn Audit_system start....]" vpn=...info...
time="2020-10-27T15:29:55+08:00" level=warning msg="[vpn Audit_system start....]" vpn=...info...
time="2020-10-27T15:31:03+08:00" level=warning msg="[vpn Audit_system start....]" vpn=...info...
time="2020-10-27T15:33:04+08:00" level=warning msg="[vpn Audit_system start....]" vpn=...info...
time="2020-10-27T15:34:05+08:00" level=warning msg="[vpn Audit_system start....]" vpn=...info...
time="2020-10-27T15:35:14+08:00" level=warning msg="[vpn Audit_system start....]" vpn=...info...
time="2020-10-27T15:36:37+08:00" level=warning msg="[vpn Audit_system start....]" vpn=...info...
time="2020-10-27T15:39:12+08:00" level=warning msg="[vpn Audit_system start....]" vpn=...info...
time="2020-10-27T15:39:47+08:00" level=warning msg="vpn列表展示..." vpn=...info...
time="2020-10-27T15:54:24+08:00" level=warning msg="[vpn Audit_system start....]" vpn=...info...
time="2020-10-27T15:54:35+08:00" level=warning msg="vpn列表展示..." vpn=...info...
time="2020-10-27T15:55:09+08:00" level=warning msg="[vpn Audit_system start....]" vpn=...info...
time="2020-10-27T15:55:54+08:00" level=warning msg="[vpn Audit_system start....]" vpn=...info...
time="2020-10-27T16:05:27+08:00" level=warning msg="[vpn Audit_system start....]" vpn=...info...
time="2020-10-27T16:05:45+08:00" level=warning msg="账号添加]...username: zhangning, passwd: 123123" vpn=...info...
time="2020-10-27T16:06:01+08:00" level=warning msg="vpn列表展示..." vpn=...info...
time="2020-10-27T16:06:11+08:00" level=warning msg="添加vpn账号:]...username: liuzhuang, passwd: 123123\n\n" vpn=...info...
time="2020-10-27T16:06:11+08:00" level=warning msg="添加vpn账号成功!...\n\n" vpn=...info...
time="2020-10-27T16:06:12+08:00" level=warning msg="vpn列表展示..." vpn=...info...
time="2020-10-27T16:07:19+08:00" level=warning msg="[vpn Audit_system start....]" vpn=...info...
time="2020-10-27T16:12:41+08:00" level=warning msg="[vpn Audit_system start....]" vpn=...info...
time="2020-10-27T16:21:47+08:00" level=warning msg="[vpn Audit_system start....]" vpn=...info...
time="2020-10-27T16:23:00+08:00" level=warning msg="[vpn Audit_system start....]" vpn=...info...
time="2020-10-27T16:24:22+08:00" level=warning msg="[vpn Audit_system start....]" vpn=...info...
time="2020-10-27T16:29:49+08:00" level=warning msg="[vpn Audit_system start....]" vpn=...info...
time="2020-10-27T16:31:04+08:00" level=warning msg="[vpn Audit_system start....]" vpn=...info...
time="2020-10-27T16:31:43+08:00" level=warning msg="[vpn Audit_system start....]" vpn=...info...
time="2020-10-27T16:33:25+08:00" level=warning msg="[vpn Audit_system start....]" vpn=...info...
time="2020-10-27T16:35:11+08:00" level=warning msg="[vpn Audit_system start....]" vpn=...info...
time="2020-10-27T16:41:57+08:00" level=warning msg="[vpn Audit_system start....]" vpn=...info...
time="2020-10-27T16:43:12+08:00" level=warning msg="[vpn Audit_system start....]" vpn=...info...
time="2020-10-27T16:44:19+08:00" level=warning msg="[vpn Audit_system start....]" vpn=...info...
time="2020-10-27T16:45:53+08:00" level=warning msg="[vpn Audit_system start....]" vpn=...info...
time="2020-10-27T16:48:47+08:00" level=warning msg="[vpn Audit_system start....]" vpn=...info...
time="2020-10-27T16:50:22+08:00" level=warning msg="[vpn Audit_system start....]" vpn=...info...
time="2020-10-27T17:13:30+08:00" level=warning msg="[vpn Audit_system start....]" vpn=...info...
time="2020-10-27T17:17:16+08:00" level=warning msg="[vpn Audit_system start....]" vpn=...info...
time="2020-10-27T17:19:51+08:00" level=warning msg="[vpn Audit_system start....]" vpn=...info...
time="2020-10-27T17:20:27+08:00" level=warning msg="[vpn Audit_system start....]" vpn=...info...
time="2020-10-27T17:21:14+08:00" level=warning msg="[vpn Audit_system start....]" vpn=...info...
time="2020-10-27T17:21:55+08:00" level=warning msg="[vpn Audit_system start....]" vpn=...info...
time="2020-10-27T17:22:33+08:00" level=warning msg="[vpn Audit_system start....]" vpn=...info...
time="2020-10-27T17:23:29+08:00" level=warning msg="[vpn Audit_system start....]" vpn=...info...
time="2020-10-27T17:24:33+08:00" level=warning msg="[vpn Audit_system start....]" vpn=...info...
time="2020-10-27T17:25:26+08:00" level=warning msg="[vpn Audit_system start....]" vpn=...info...
time="2020-10-27T17:37:22+08:00" level=warning msg="[vpn Audit_system start....]" vpn=...info...
time="2020-10-27T17:38:48+08:00" level=warning msg="[vpn Audit_system start....]" vpn=...info...
time="2020-10-27T17:39:43+08:00" level=warning msg="[vpn Audit_system start....]" vpn=...info...
time="2020-10-27T17:48:36+08:00" level=warning msg="[vpn Audit_system start....]" vpn=...info...
time="2020-10-27T17:49:05+08:00" level=warning msg="[vpn Audit_system start....]" vpn=...info...
time="2020-10-27T17:49:41+08:00" level=warning msg="[vpn Audit_system start....]" vpn=...info...
time="2020-10-27T17:50:21+08:00" level=warning msg="[vpn Audit_system start....]" vpn=...info...
time="2020-10-27T17:51:17+08:00" level=warning msg="[vpn Audit_system start....]" vpn=...info...
time="2020-10-27T17:52:08+08:00" level=warning msg="[vpn Audit_system start....]" vpn=...info...
time="2020-10-27T17:53:25+08:00" level=warning msg="[vpn Audit_system start....]" vpn=...info...
time="2020-10-27T17:54:47+08:00" level=warning msg="[vpn Audit_system start....]" vpn=...info...
time="2020-10-27T17:55:12+08:00" level=warning msg="[vpn Audit_system start....]" vpn=...info...
time="2020-10-27T17:56:01+08:00" level=warning msg="[vpn Audit_system start....]" vpn=...info...
time="2020-10-27T17:56:35+08:00" level=warning msg="[vpn Audit_system start....]" vpn=...info...
time="2020-10-27T17:57:26+08:00" level=warning msg="[vpn Audit_system start....]" vpn=...info...
time="2020-10-27T17:58:09+08:00" level=warning msg="[vpn Audit_system start....]" vpn=...info...
time="2020-10-27T17:59:03+08:00" level=warning msg="[vpn Audit_system start....]" vpn=...info...
time="2020-10-27T17:59:32+08:00" level=warning msg="[vpn Audit_system start....]" vpn=...info...
time="2020-10-27T18:00:32+08:00" level=warning msg="[vpn Audit_system start....]" vpn=...info...
time="2020-10-27T18:01:26+08:00" level=warning msg="[vpn Audit_system start....]" vpn=...info...
time="2020-10-27T18:02:00+08:00" level=warning msg="[vpn Audit_system start....]" vpn=...info...
time="2020-10-27T18:02:23+08:00" level=warning msg="[vpn Audit_system start....]" vpn=...info...
time="2020-10-27T18:03:07+08:00" level=warning msg="[vpn Audit_system start....]" vpn=...info...
time="2020-10-27T18:06:38+08:00" level=warning msg="[vpn Audit_system start....]" vpn=...info...
time="2020-10-27T18:07:08+08:00" level=warning msg="[vpn Audit_system start....]" vpn=...info...
time="2020-10-27T18:08:24+08:00" level=warning msg="[vpn Audit_system start....]" vpn=...info...
time="2020-10-27T18:09:19+08:00" level=warning msg="[vpn Audit_system start....]" vpn=...info...
time="2020-10-27T18:10:12+08:00" level=warning msg="[vpn Audit_system start....]" vpn=...info...
time="2020-10-27T18:13:02+08:00" level=warning msg="[vpn Audit_system start....]" vpn=...info...
time="2020-10-27T18:13:59+08:00" level=warning msg="[vpn Audit_system start....]" vpn=...info...
time="2020-10-27T18:17:15+08:00" level=warning msg="[vpn Audit_system start....]" vpn=...info...
time="2020-10-27T18:35:41+08:00" level=warning msg="[vpn Audit_system start....]" vpn=...info...
time="2020-10-27T18:46:33+08:00" level=warning msg="[vpn Audit_system start....]" vpn=...info...
time="2020-10-27T18:48:57+08:00" level=warning msg="[vpn Audit_system start....]" vpn=...info...
time="2020-10-27T18:51:16+08:00" level=warning msg="[vpn Audit_system start....]" vpn=...info...
time="2020-10-27T18:58:34+08:00" level=warning msg="[vpn Audit_system start....]" vpn=...info...
time="2020-10-27T19:01:58+08:00" level=warning msg="[vpn Audit_system start....]" vpn=...info...
time="2020-10-27T19:02:01+08:00" level=warning msg="域名组创建列表展示..." vpn=...info...
time="2020-10-27T19:06:15+08:00" level=warning msg="[vpn Audit_system start....]" vpn=...info...
time="2020-10-27T19:06:39+08:00" level=warning msg="域名组创建列表展示..." vpn=...info...
time="2020-10-27T19:06:51+08:00" level=warning msg="域名组创建列表展示..." vpn=...info...
time="2020-10-27T19:14:53+08:00" level=warning msg="[vpn Audit_system start....]" vpn=...info...
time="2020-10-27T19:14:59+08:00" level=warning msg="域名组创建列表展示..." vpn=...info...
time="2020-10-27T19:15:06+08:00" level=warning msg="域名组创建列表展示..." vpn=...info...
time="2020-10-27T19:15:26+08:00" level=warning msg="域名组创建列表展示..." vpn=...info...
time="2020-10-27T19:17:37+08:00" level=warning msg="[vpn Audit_system start....]" vpn=...info...
time="2020-10-27T19:17:42+08:00" level=warning msg="域名组创建列表展示..." vpn=...info...
time="2020-10-28T10:02:26+08:00" level=warning msg="[vpn Audit_system start....]" vpn=...info...
time="2020-10-28T10:02:46+08:00" level=warning msg="域名组创建列表展示..." vpn=...info...
time="2020-10-28T10:02:52+08:00" level=warning msg="域名组创建列表展示..." vpn=...info...
time="2020-10-28T10:09:04+08:00" level=warning msg="[vpn Audit_system start....]" vpn=...info...
time="2020-10-28T10:09:08+08:00" level=warning msg="域名组创建列表展示..." vpn=...info...
time="2020-10-28T10:09:33+08:00" level=warning msg="[vpn Audit_system start....]" vpn=...info...
time="2020-10-28T10:09:36+08:00" level=warning msg="域名组创建列表展示..." vpn=...info...
time="2020-10-28T10:17:29+08:00" level=warning msg="[vpn Audit_system start....]" vpn=...info...
time="2020-10-28T10:17:37+08:00" level=warning msg="域名组创建列表展示..." vpn=...info...
time="2020-10-28T10:18:16+08:00" level=warning msg="域名组创建列表展示..." vpn=...info...
time="2020-10-28T10:30:52+08:00" level=warning msg="[vpn Audit_system start....]" vpn=...info...
time="2020-10-28T10:32:07+08:00" level=warning msg="域名组创建列表展示..." vpn=...info...
time="2020-10-28T10:35:32+08:00" level=warning msg="[vpn Audit_system start....]" vpn=...info...
time="2020-10-28T10:35:37+08:00" level=warning msg="域名组创建列表展示..." vpn=...info...
time="2020-10-28T10:40:23+08:00" level=warning msg="[vpn Audit_system start....]" vpn=...info...
time="2020-10-28T10:40:30+08:00" level=warning msg="域名组创建列表展示..." vpn=...info...
time="2020-10-28T10:41:22+08:00" level=warning msg="[vpn Audit_system start....]" vpn=...info...
time="2020-10-28T10:41:26+08:00" level=warning msg="域名组创建列表展示..." vpn=...info...
time="2020-10-28T10:41:39+08:00" level=warning msg="域名组创建列表展示..." vpn=...info...
time="2020-10-28T10:41:56+08:00" level=warning msg="域名组创建列表展示..." vpn=...info...
time="2020-10-28T10:44:44+08:00" level=warning msg="[vpn Audit_system start....]" vpn=...info...
time="2020-10-28T10:44:47+08:00" level=warning msg="域名组创建列表展示..." vpn=...info...
time="2020-10-28T10:47:49+08:00" level=warning msg="[vpn Audit_system start....]" vpn=...info...
time="2020-10-28T10:47:53+08:00" level=warning msg="域名组创建列表展示..." vpn=...info...
time="2020-10-28T10:48:52+08:00" level=warning msg="域名组创建列表展示..." vpn=...info...
time="2020-10-28T10:49:03+08:00" level=warning msg="域名组创建列表展示..." vpn=...info...
time="2020-10-28T10:49:29+08:00" level=warning msg="域名组创建列表展示..." vpn=...info...
time="2020-10-28T10:52:59+08:00" level=warning msg="vpn列表展示..." vpn=...info...
time="2020-10-28T10:53:09+08:00" level=warning msg="vpn列表展示..." vpn=...info...
time="2020-10-28T10:58:06+08:00" level=warning msg="[vpn Audit_system start....]" vpn=...info...
time="2020-10-28T10:58:23+08:00" level=warning msg="域名组创建列表展示..." vpn=...info...
time="2020-10-28T10:58:26+08:00" level=warning msg="vpn列表展示..." vpn=...info...
time="2020-10-28T10:58:34+08:00" level=warning msg="vpn列表展示..." vpn=...info...
time="2020-10-28T11:40:37+08:00" level=warning msg="[vpn Audit_system start....]" vpn=...info...
time="2020-10-28T11:40:47+08:00" level=warning msg="域名组创建列表展示..." vpn=...info...
time="2020-10-28T11:41:00+08:00" level=warning msg="vpn列表展示..." vpn=...info...
time="2020-10-28T11:43:11+08:00" level=warning msg="[vpn Audit_system start....]" vpn=...info...
time="2020-10-28T11:43:14+08:00" level=warning msg="vpn列表展示..." vpn=...info...
time="2020-10-28T11:44:06+08:00" level=warning msg="[vpn Audit_system start....]" vpn=...info...
time="2020-10-28T11:44:08+08:00" level=warning msg="vpn列表展示..." vpn=...info...
time="2020-10-28T13:32:11+08:00" level=warning msg="域名组创建列表展示..." vpn=...info...
time="2020-10-28T13:32:21+08:00" level=warning msg="vpn列表展示..." vpn=...info...
time="2020-10-28T13:33:56+08:00" level=warning msg="域名组创建列表展示..." vpn=...info...
time="2020-10-28T13:33:56+08:00" level=warning msg="vpn列表展示..." vpn=...info...
time="2020-10-28T13:35:34+08:00" level=warning msg="[vpn Audit_system start....]" vpn=...info...
time="2020-10-28T13:35:37+08:00" level=warning msg="vpn列表展示..." vpn=...info...
time="2020-10-28T13:37:30+08:00" level=warning msg="[vpn Audit_system start....]" vpn=...info...
time="2020-10-28T13:37:33+08:00" level=warning msg="vpn列表展示..." vpn=...info...
time="2020-10-28T13:37:47+08:00" level=warning msg="vpn列表展示..." vpn=...info...
time="2020-10-28T13:39:05+08:00" level=warning msg="[vpn Audit_system start....]" vpn=...info...
time="2020-10-28T13:39:10+08:00" level=warning msg="域名组创建列表展示..." vpn=...info...
time="2020-10-28T13:39:10+08:00" level=warning msg="vpn列表展示..." vpn=...info...
time="2020-10-28T13:39:51+08:00" level=warning msg="vpn列表展示..." vpn=...info...
time="2020-10-28T13:42:12+08:00" level=warning msg="[vpn Audit_system start....]" vpn=...info...
time="2020-10-28T13:42:15+08:00" level=warning msg="vpn列表展示..." vpn=...info...
time="2020-10-28T13:44:26+08:00" level=warning msg="[vpn Audit_system start....]" vpn=...info...
time="2020-10-28T13:44:29+08:00" level=warning msg="vpn列表展示..." vpn=...info...
time="2020-10-28T13:45:38+08:00" level=warning msg="[vpn Audit_system start....]" vpn=...info...
time="2020-10-28T13:45:44+08:00" level=warning msg="vpn列表展示..." vpn=...info...
time="2020-10-28T13:46:22+08:00" level=warning msg="[vpn Audit_system start....]" vpn=...info...
time="2020-10-28T13:46:26+08:00" level=warning msg="vpn列表展示..." vpn=...info...
time="2020-10-28T13:49:29+08:00" level=warning msg="[vpn Audit_system start....]" vpn=...info...
time="2020-10-28T13:49:34+08:00" level=warning msg="vpn列表展示..." vpn=...info...
time="2020-10-28T13:53:03+08:00" level=warning msg="[vpn Audit_system start....]" vpn=...info...
time="2020-10-28T13:53:07+08:00" level=warning msg="vpn列表展示..." vpn=...info...
time="2020-10-28T13:53:32+08:00" level=warning msg="[vpn Audit_system start....]" vpn=...info...
time="2020-10-28T13:53:35+08:00" level=warning msg="vpn列表展示..." vpn=...info...
time="2020-10-28T13:54:37+08:00" level=warning msg="[vpn Audit_system start....]" vpn=...info...
time="2020-10-28T13:54:41+08:00" level=warning msg="vpn列表展示..." vpn=...info...
time="2020-10-28T14:17:29+08:00" level=warning msg="域名组创建列表展示..." vpn=...info...
time="2020-10-28T14:17:46+08:00" level=warning msg="vpn列表展示..." vpn=...info...
time="2020-10-28T14:34:51+08:00" level=warning msg="vpn列表展示..." vpn=...info...
time="2020-10-28T14:35:34+08:00" level=warning msg="域名组创建列表展示..." vpn=...info...
time="2020-10-28T14:35:52+08:00" level=warning msg="域名组创建列表展示..." vpn=...info...
time="2020-10-28T14:36:01+08:00" level=warning msg="vpn列表展示..." vpn=...info...
time="2020-10-28T14:36:29+08:00" level=warning msg="vpn列表展示..." vpn=...info...
time="2020-10-28T14:41:54+08:00" level=warning msg="vpn列表展示..." vpn=...info...
time="2020-10-28T14:50:31+08:00" level=warning msg="vpn列表展示..." vpn=...info...
time="2020-10-28T14:50:40+08:00" level=warning msg="vpn列表展示..." vpn=...info...
time="2020-10-28T14:55:09+08:00" level=warning msg="[vpn Audit_system start....]" vpn=...info...
time="2020-10-28T14:55:12+08:00" level=warning msg="域名组创建列表展示..." vpn=...info...
time="2020-10-28T14:55:13+08:00" level=warning msg="vpn列表展示..." vpn=...info...
time="2020-10-28T15:25:11+08:00" level=warning msg="[vpn Audit_system start....]" vpn=...info...
time="2020-10-28T15:27:52+08:00" level=warning msg="[vpn Audit_system start....]" vpn=...info...
time="2020-10-28T15:34:24+08:00" level=warning msg="[vpn Audit_system start....]" vpn=...info...
time="2020-10-28T15:34:31+08:00" level=warning msg="vpn列表展示..." vpn=...info...
time="2020-10-28T15:34:37+08:00" level=warning msg="域名组创建列表展示..." vpn=...info...
time="2020-10-28T15:34:41+08:00" level=warning msg="vpn列表展示..." vpn=...info...
time="2020-10-28T15:35:10+08:00" level=warning msg="vpn列表展示..." vpn=...info...
time="2020-10-28T15:36:41+08:00" level=warning msg="[vpn Audit_system start....]" vpn=...info...
time="2020-10-28T15:36:43+08:00" level=warning msg="vpn列表展示..." vpn=...info...
time="2020-10-28T15:36:51+08:00" level=warning msg="vpn列表展示..." vpn=...info...
time="2020-10-28T16:18:39+08:00" level=warning msg="[vpn Audit_system start....]" vpn=...info...
time="2020-10-28T16:20:01+08:00" level=warning msg="域名组创建列表展示..." vpn=...info...
time="2020-10-28T16:20:02+08:00" level=warning msg="vpn列表展示..." vpn=...info...
time="2020-10-28T16:24:13+08:00" level=warning msg="[vpn Audit_system start....]" vpn=...info...
time="2020-10-28T16:24:17+08:00" level=warning msg="vpn列表展示..." vpn=...info...
time="2020-10-28T16:24:32+08:00" level=warning msg="vpn列表展示..." vpn=...info...
time="2020-10-28T16:31:07+08:00" level=warning msg="[vpn Audit_system start....]" vpn=...info...
time="2020-10-28T16:31:13+08:00" level=warning msg="vpn列表展示..." vpn=...info...
time="2020-10-28T16:31:18+08:00" level=warning msg="vpn列表展示..." vpn=...info...
time="2020-10-28T16:32:53+08:00" level=warning msg="[vpn Audit_system start....]" vpn=...info...
time="2020-10-28T16:32:56+08:00" level=warning msg="vpn列表展示..." vpn=...info...
time="2020-10-28T16:33:00+08:00" level=warning msg="vpn列表展示..." vpn=...info...
time="2020-10-28T16:33:31+08:00" level=warning msg="[vpn Audit_system start....]" vpn=...info...
time="2020-10-28T16:33:34+08:00" level=warning msg="域名组创建列表展示..." vpn=...info...
time="2020-10-28T16:33:34+08:00" level=warning msg="vpn列表展示..." vpn=...info...
time="2020-10-28T16:33:38+08:00" level=warning msg="vpn列表展示..." vpn=...info...
time="2020-10-28T16:35:15+08:00" level=warning msg="[vpn Audit_system start....]" vpn=...info...
time="2020-10-28T16:35:21+08:00" level=warning msg="vpn列表展示..." vpn=...info...
time="2020-10-28T16:35:25+08:00" level=warning msg="vpn列表展示..." vpn=...info...
time="2020-10-28T16:36:14+08:00" level=warning msg="[vpn Audit_system start....]" vpn=...info...
time="2020-10-28T16:36:18+08:00" level=warning msg="vpn列表展示..." vpn=...info...
time="2020-10-28T16:36:23+08:00" level=warning msg="vpn列表展示..." vpn=...info...
time="2020-10-28T16:38:42+08:00" level=warning msg="[vpn Audit_system start....]" vpn=...info...
time="2020-10-28T16:39:53+08:00" level=warning msg="[vpn Audit_system start....]" vpn=...info...
time="2020-10-28T16:40:35+08:00" level=warning msg="vpn列表展示..." vpn=...info...
time="2020-10-28T16:40:41+08:00" level=warning msg="vpn列表展示..." vpn=...info...
time="2020-10-28T16:43:33+08:00" level=warning msg="[vpn Audit_system start....]" vpn=...info...
time="2020-10-28T16:43:39+08:00" level=warning msg="vpn列表展示..." vpn=...info...
time="2020-10-28T16:43:44+08:00" level=warning msg="vpn列表展示..." vpn=...info...
time="2020-10-28T16:44:22+08:00" level=warning msg="vpn列表展示..." vpn=...info...
time="2020-10-28T16:45:30+08:00" level=warning msg="[vpn Audit_system start....]" vpn=...info...
time="2020-10-28T16:45:32+08:00" level=warning msg="vpn列表展示..." vpn=...info...
time="2020-10-28T16:47:56+08:00" level=warning msg="[vpn Audit_system start....]" vpn=...info...
time="2020-10-28T16:48:05+08:00" level=warning msg="vpn列表展示..." vpn=...info...
time="2020-10-28T16:48:23+08:00" level=warning msg="vpn列表展示..." vpn=...info...
time="2020-10-28T16:49:40+08:00" level=warning msg="[vpn Audit_system start....]" vpn=...info...
time="2020-10-28T16:49:53+08:00" level=warning msg="vpn列表展示..." vpn=...info...
time="2020-10-28T16:50:01+08:00" level=warning msg="vpn列表展示..." vpn=...info...
time="2020-10-28T16:54:11+08:00" level=warning msg="[vpn Audit_system start....]" vpn=...info...
time="2020-10-28T16:54:18+08:00" level=warning msg="vpn列表展示..." vpn=...info...
time="2020-10-28T16:54:27+08:00" level=warning msg="vpn列表展示..." vpn=...info...
time="2020-10-28T16:58:25+08:00" level=warning msg="[vpn Audit_system start....]" vpn=...info...
time="2020-10-28T16:58:32+08:00" level=warning msg="vpn列表展示..." vpn=...info...
time="2020-10-28T17:01:56+08:00" level=warning msg="vpn列表展示..." vpn=...info...
time="2020-10-28T17:02:05+08:00" level=warning msg="vpn列表展示..." vpn=...info...
time="2020-10-28T17:02:07+08:00" level=warning msg="域名组创建列表展示..." vpn=...info...
time="2020-10-28T17:02:08+08:00" level=warning msg="vpn列表展示..." vpn=...info...
time="2020-10-28T17:02:23+08:00" level=warning msg="添加vpn账号:]...username: zhangning, passwd: 123123\n\n" vpn=...info...
time="2020-10-28T17:02:23+08:00" level=warning msg="添加vpn账号成功!...\n\n" vpn=...info...
time="2020-10-28T17:02:24+08:00" level=warning msg="vpn列表展示..." vpn=...info...
time="2020-10-28T17:05:11+08:00" level=warning msg="[vpn Audit_system start....]" vpn=...info...
time="2020-10-28T17:05:18+08:00" level=warning msg="vpn列表展示..." vpn=...info...
time="2020-10-28T17:05:24+08:00" level=warning msg="添加vpn账号:]...username: liuzhuang, passwd: 123123\n\n" vpn=...info...
time="2020-10-28T17:05:25+08:00" level=warning msg="添加vpn账号成功!...\n\n" vpn=...info...
time="2020-10-28T17:05:25+08:00" level=warning msg="添加vpn账号:]...username: liuzhuang, passwd: 123123\n\n" vpn=...info...
time="2020-10-28T17:05:25+08:00" level=warning msg="添加vpn账号成功!...\n\n" vpn=...info...
time="2020-10-28T17:05:26+08:00" level=warning msg="vpn列表展示..." vpn=...info...
time="2020-10-28T17:05:43+08:00" level=warning msg="域名组创建列表展示..." vpn=...info...
time="2020-10-28T17:05:51+08:00" level=warning msg="域名组创建列表展示..." vpn=...info...
time="2020-10-28T17:06:13+08:00" level=warning msg="域名组创建列表展示..." vpn=...info...
time="2020-10-28T17:06:28+08:00" level=warning msg="域名组创建列表展示..." vpn=...info...
time="2020-10-28T17:07:14+08:00" level=warning msg="vpn列表展示..." vpn=...info...
time="2020-10-28T17:07:21+08:00" level=warning msg="vpn列表展示..." vpn=...info...
time="2020-10-28T17:07:48+08:00" level=warning msg="vpn列表展示..." vpn=...info...
time="2020-10-28T17:10:38+08:00" level=warning msg="[vpn Audit_system start....]" vpn=...info...
time="2020-10-28T17:10:41+08:00" level=warning msg="vpn列表展示..." vpn=...info...
time="2020-10-28T17:10:47+08:00" level=warning msg="添加vpn账号:]...username: liuzhuang, passwd: 123123\n\n" vpn=...info...
time="2020-10-28T17:10:47+08:00" level=warning msg="添加vpn账号成功!...\n\n" vpn=...info...
time="2020-10-28T17:10:48+08:00" level=warning msg="vpn列表展示..." vpn=...info...
time="2020-10-28T17:10:50+08:00" level=warning msg="域名组创建列表展示..." vpn=...info...
time="2020-10-28T17:10:58+08:00" level=warning msg="域名组创建列表展示..." vpn=...info...
time="2020-10-28T17:11:01+08:00" level=warning msg="vpn列表展示..." vpn=...info...
time="2020-10-28T17:11:08+08:00" level=warning msg="vpn列表展示..." vpn=...info...
time="2020-10-28T17:11:36+08:00" level=warning msg="添加vpn账号:]...username: zhangning, passwd: 123123\n\n" vpn=...info...
time="2020-10-28T17:11:36+08:00" level=warning msg="添加vpn账号成功!...\n\n" vpn=...info...
time="2020-10-28T17:11:36+08:00" level=warning msg="vpn列表展示..." vpn=...info...
time="2020-10-28T17:11:57+08:00" level=warning msg="域名组创建列表展示..." vpn=...info...
time="2020-10-28T17:11:58+08:00" level=warning msg="vpn列表展示..." vpn=...info...
time="2020-10-28T17:12:03+08:00" level=warning msg="vpn列表展示..." vpn=...info...
time="2020-10-28T17:13:40+08:00" level=warning msg="vpn列表展示..." vpn=...info...
time="2020-10-28T17:14:25+08:00" level=warning msg="vpn列表展示..." vpn=...info...
time="2020-10-28T17:29:57+08:00" level=warning msg="[vpn Audit_system start....]" vpn=...info...
time="2020-10-28T17:32:38+08:00" level=warning msg="vpn列表展示..." vpn=...info...
time="2020-10-28T17:32:44+08:00" level=warning msg="添加vpn账号:]...username: liuzhuang, passwd: 123123\n\n" vpn=...info...
time="2020-10-28T17:32:44+08:00" level=warning msg="添加vpn账号成功!...\n\n" vpn=...info...
time="2020-10-28T17:32:45+08:00" level=warning msg="vpn列表展示..." vpn=...info...
time="2020-10-28T17:34:17+08:00" level=warning msg="[vpn Audit_system start....]" vpn=...info...
time="2020-10-28T17:34:20+08:00" level=warning msg="vpn列表展示..." vpn=...info...
time="2020-10-28T17:34:27+08:00" level=warning msg="添加vpn账号:]...username: liuzhuang, passwd: 123123\n\n" vpn=...info...
time="2020-10-28T17:34:27+08:00" level=warning msg="添加vpn账号成功!...\n\n" vpn=...info...
time="2020-10-28T17:34:28+08:00" level=warning msg="vpn列表展示..." vpn=...info...
time="2020-10-28T17:39:42+08:00" level=warning msg="[vpn Audit_system start....]" vpn=...info...
time="2020-10-28T17:40:47+08:00" level=warning msg="vpn列表展示..." vpn=...info...
time="2020-10-28T17:40:57+08:00" level=warning msg="添加vpn账号:]...username: 123123, passwd: 123123\n\n" vpn=...info...
time="2020-10-28T17:40:57+08:00" level=warning msg="添加vpn账号成功!...\n\n" vpn=...info...
time="2020-10-28T17:40:58+08:00" level=warning msg="vpn列表展示..." vpn=...info...
time="2020-10-28T17:44:16+08:00" level=warning msg="[vpn Audit_system start....]" vpn=...info...
time="2020-10-28T17:44:20+08:00" level=warning msg="vpn列表展示..." vpn=...info...
time="2020-10-28T17:44:25+08:00" level=warning msg="添加vpn账号:]...username: gggg, passwd: 123123\n\n" vpn=...info...
time="2020-10-28T17:44:25+08:00" level=warning msg="添加vpn账号成功!...\n\n" vpn=...info...
time="2020-10-28T17:44:26+08:00" level=warning msg="vpn列表展示..." vpn=...info...
time="2020-10-28T17:44:36+08:00" level=warning msg="域名组创建列表展示..." vpn=...info...
time="2020-10-28T17:44:42+08:00" level=warning msg="域名组创建列表展示..." vpn=...info...
time="2020-10-28T17:44:46+08:00" level=warning msg="vpn列表展示..." vpn=...info...
time="2020-10-28T17:44:51+08:00" level=warning msg="vpn列表展示..." vpn=...info...
time="2020-10-28T17:46:44+08:00" level=warning msg="vpn列表展示..." vpn=...info...
time="2020-10-28T17:46:55+08:00" level=warning msg="vpn列表展示..." vpn=...info...
time="2020-10-28T17:47:07+08:00" level=warning msg="vpn列表展示..." vpn=...info...
time="2020-10-28T17:50:16+08:00" level=warning msg="vpn列表展示..." vpn=...info...
time="2020-10-28T17:50:33+08:00" level=warning msg="vpn列表展示..." vpn=...info...
time="2020-10-28T17:56:27+08:00" level=warning msg="[vpn Audit_system start....]" vpn=...info...
time="2020-10-28T17:56:39+08:00" level=warning msg="vpn列表展示..." vpn=...info...
time="2020-10-28T17:56:46+08:00" level=warning msg="域名组创建列表展示..." vpn=...info...
time="2020-10-28T17:56:51+08:00" level=warning msg="vpn列表展示..." vpn=...info...
time="2020-10-28T18:08:32+08:00" level=warning msg="[vpn Audit_system start....]" vpn=...info...
time="2020-10-28T18:08:48+08:00" level=warning msg="vpn列表展示..." vpn=...info...
time="2020-10-28T18:10:14+08:00" level=warning msg="域名组创建列表展示..." vpn=...info...
time="2020-10-28T18:10:20+08:00" level=warning msg="域名组创建列表展示..." vpn=...info...
time="2020-10-28T18:10:32+08:00" level=warning msg="域名组创建列表展示..." vpn=...info...
time="2020-10-28T18:10:35+08:00" level=warning msg="vpn列表展示..." vpn=...info...
time="2020-10-28T18:10:40+08:00" level=warning msg="vpn列表展示..." vpn=...info...
time="2020-10-28T18:10:44+08:00" level=warning msg="vpn列表展示..." vpn=...info...
time="2020-10-28T18:10:48+08:00" level=warning msg="vpn列表展示..." vpn=...info...
time="2020-10-28T18:10:54+08:00" level=warning msg="vpn列表展示..." vpn=...info...
time="2020-10-28T18:11:22+08:00" level=warning msg="[vpn Audit_system start....]" vpn=...info...
time="2020-10-28T18:11:25+08:00" level=warning msg="vpn列表展示..." vpn=...info...
time="2020-10-28T18:12:36+08:00" level=warning msg="[vpn Audit_system start....]" vpn=...info...
time="2020-10-28T18:12:38+08:00" level=warning msg="vpn列表展示..." vpn=...info...
time="2020-10-28T18:13:36+08:00" level=warning msg="vpn列表展示..." vpn=...info...
time="2020-10-28T18:13:40+08:00" level=warning msg="vpn列表展示..." vpn=...info...
time="2020-10-28T18:14:26+08:00" level=warning msg="vpn列表展示..." vpn=...info...
time="2020-10-28T18:39:22+08:00" level=warning msg="[vpn Audit_system start....]" vpn=...info...
time="2020-10-28T18:39:36+08:00" level=warning msg="[vpn Audit_system start....]" vpn=...info...
time="2020-10-28T18:39:48+08:00" level=warning msg="域名组创建列表展示..." vpn=...info...
time="2020-10-28T18:39:57+08:00" level=warning msg="域名组创建列表展示..." vpn=...info...
time="2020-10-28T18:40:07+08:00" level=warning msg="域名组创建列表展示..." vpn=...info...
time="2020-10-28T18:40:25+08:00" level=warning msg="添加vpn账号:]...username: liuzhuang, passwd: 123123\n\n" vpn=...info...
time="2020-10-28T18:40:25+08:00" level=warning msg="添加vpn账号成功!...\n\n" vpn=...info...
time="2020-10-28T18:40:26+08:00" level=warning msg="添加vpn账号:]...username: liuzhuang, passwd: 123123\n\n" vpn=...info...
time="2020-10-28T18:40:26+08:00" level=warning msg="添加vpn账号成功!...\n\n" vpn=...info...
time="2020-10-28T18:40:27+08:00" level=warning msg="vpn列表展示..." vpn=...info...
time="2020-10-28T18:42:05+08:00" level=warning msg="[vpn Audit_system start....]" vpn=...info...
time="2020-10-28T18:42:12+08:00" level=warning msg="vpn列表展示..." vpn=...info...
time="2020-10-28T18:42:16+08:00" level=warning msg="域名组创建列表展示..." vpn=...info...
time="2020-10-28T18:42:21+08:00" level=warning msg="vpn列表展示..." vpn=...info...
time="2020-10-28T18:42:26+08:00" level=warning msg="添加vpn账号:]...username: zhangning, passwd: 123123\n\n" vpn=...info...
time="2020-10-28T18:42:26+08:00" level=warning msg="添加vpn账号成功!...\n\n" vpn=...info...
time="2020-10-28T18:42:27+08:00" level=warning msg="vpn列表展示..." vpn=...info...
time="2020-10-28T18:44:21+08:00" level=warning msg="vpn列表展示..." vpn=...info...
time="2020-10-28T18:53:24+08:00" level=warning msg="[vpn Audit_system start....]" vpn=...info...
time="2020-10-28T18:53:32+08:00" level=warning msg="vpn列表展示..." vpn=...info...
time="2020-10-28T18:53:49+08:00" level=warning msg="域名组创建列表展示..." vpn=...info...
time="2020-10-28T18:55:33+08:00" level=warning msg="[vpn Audit_system start....]" vpn=...info...
time="2020-10-28T18:55:40+08:00" level=warning msg="vpn列表展示..." vpn=...info...
time="2020-10-28T18:57:35+08:00" level=warning msg="[vpn Audit_system start....]" vpn=...info...
time="2020-10-28T18:57:38+08:00" level=warning msg="vpn列表展示..." vpn=...info...
time="2020-10-28T18:57:46+08:00" level=warning msg="vpn列表展示..." vpn=...info...
time="2020-10-28T18:57:53+08:00" level=warning msg="vpn列表展示..." vpn=...info...
time="2020-10-28T18:58:23+08:00" level=warning msg="vpn列表展示..." vpn=...info...
time="2020-10-28T18:58:30+08:00" level=warning msg="vpn列表展示..." vpn=...info...
time="2020-10-28T18:58:44+08:00" level=warning msg="添加vpn账号:]...username: aaaa, passwd: 123123\n\n" vpn=...info...
time="2020-10-28T18:58:44+08:00" level=warning msg="添加vpn账号成功!...\n\n" vpn=...info...
time="2020-10-28T18:58:45+08:00" level=warning msg="vpn列表展示..." vpn=...info...
time="2020-10-28T18:59:01+08:00" level=warning msg="vpn列表展示..." vpn=...info...
time="2020-10-28T18:59:15+08:00" level=warning msg="vpn列表展示..." vpn=...info...
time="2020-10-28T18:59:43+08:00" level=warning msg="[vpn Audit_system start....]" vpn=...info...
time="2020-10-28T18:59:50+08:00" level=warning msg="域名组创建列表展示..." vpn=...info...
time="2020-10-28T18:59:59+08:00" level=warning msg="域名组创建列表展示..." vpn=...info...
time="2020-10-28T19:00:13+08:00" level=warning msg="域名组创建列表展示..." vpn=...info...
time="2020-10-28T19:00:22+08:00" level=warning msg="vpn列表展示..." vpn=...info...
time="2020-10-28T19:00:29+08:00" level=warning msg="添加vpn账号:]...username: 刘壮, passwd: 123123\n\n" vpn=...info...
time="2020-10-28T19:00:29+08:00" level=warning msg="添加vpn账号成功!...\n\n" vpn=...info...
time="2020-10-28T19:00:30+08:00" level=warning msg="vpn列表展示..." vpn=...info...
time="2020-10-28T19:00:47+08:00" level=warning msg="添加vpn账号:]...username: zhangning, passwd: 123123\n\n" vpn=...info...
time="2020-10-28T19:00:47+08:00" level=warning msg="添加vpn账号成功!...\n\n" vpn=...info...
time="2020-10-28T19:00:48+08:00" level=warning msg="vpn列表展示..." vpn=...info...
time="2020-10-28T19:01:08+08:00" level=warning msg="vpn列表展示..." vpn=...info...
time="2020-10-28T19:01:17+08:00" level=warning msg="vpn列表展示..." vpn=...info...
time="2020-10-28T19:01:26+08:00" level=warning msg="vpn列表展示..." vpn=...info...
time="2020-10-28T19:01:38+08:00" level=warning msg="vpn列表展示..." vpn=...info...
time="2020-10-28T19:01:46+08:00" level=warning msg="vpn列表展示..." vpn=...info...
time="2020-10-28T19:02:19+08:00" level=warning msg="添加vpn账号:]...username: liuzhuang, passwd: 123123\n\n" vpn=...info...
time="2020-10-28T19:02:19+08:00" level=warning msg="添加vpn账号成功!...\n\n" vpn=...info...
time="2020-10-28T19:02:19+08:00" level=warning msg="vpn列表展示..." vpn=...info...
time="2020-10-28T19:02:23+08:00" level=warning msg="vpn列表展示..." vpn=...info...
time="2020-10-28T19:02:28+08:00" level=warning msg="vpn列表展示..." vpn=...info...
time="2020-10-28T19:03:43+08:00" level=warning msg="vpn列表展示..." vpn=...info...
time="2020-10-29T10:18:34+08:00" level=warning msg="[vpn Audit_system start....]" vpn=...info...
time="2020-10-29T10:19:02+08:00" level=warning msg="[vpn Audit_system start....]" vpn=...info...
time="2020-10-29T10:19:15+08:00" level=warning msg="vpn列表展示..." vpn=...info...
time="2020-10-29T10:20:01+08:00" level=warning msg="域名组创建列表展示..." vpn=...info...
time="2020-10-29T10:20:21+08:00" level=warning msg="域名组创建列表展示..." vpn=...info...
time="2020-10-29T10:20:52+08:00" level=warning msg="vpn列表展示..." vpn=...info...
time="2020-10-29T10:21:00+08:00" level=warning msg="添加vpn账号:]...username: root, passwd: 123123\n\n" vpn=...info...
time="2020-10-29T10:21:00+08:00" level=warning msg="添加vpn账号成功!...\n\n" vpn=...info...
time="2020-10-29T10:21:01+08:00" level=warning msg="vpn列表展示..." vpn=...info...
time="2020-10-29T10:21:17+08:00" level=warning msg="vpn列表展示..." vpn=...info...
time="2020-10-29T10:21:27+08:00" level=warning msg="vpn列表展示..." vpn=...info...
time="2020-10-29T10:23:26+08:00" level=warning msg="vpn列表展示..." vpn=...info...
time="2020-10-29T11:07:23+08:00" level=warning msg="[vpn Audit_system start....]" vpn=...info...
time="2020-10-29T11:07:52+08:00" level=warning msg="vpn列表展示..." vpn=...info...
time="2020-10-29T11:07:59+08:00" level=warning msg="vpn列表展示..." vpn=...info...
time="2020-10-29T11:08:41+08:00" level=warning msg="vpn列表展示..." vpn=...info...
time="2020-10-29T11:09:12+08:00" level=warning msg="vpn列表展示..." vpn=...info...
time="2020-10-29T11:09:18+08:00" level=warning msg="vpn列表展示..." vpn=...info...
time="2020-10-29T11:09:24+08:00" level=warning msg="vpn列表展示..." vpn=...info...
time="2020-10-29T11:09:41+08:00" level=warning msg="vpn列表展示..." vpn=...info...
time="2020-10-29T11:09:47+08:00" level=warning msg="vpn列表展示..." vpn=...info...
time="2020-10-29T11:09:56+08:00" level=warning msg="vpn列表展示..." vpn=...info...
time="2020-10-29T11:10:00+08:00" level=warning msg="vpn列表展示..." vpn=...info...
time="2020-10-29T11:11:38+08:00" level=warning msg="vpn列表展示..." vpn=...info...
time="2020-10-29T11:13:43+08:00" level=warning msg="[vpn Audit_system start....]" vpn=...info...
time="2020-10-29T11:13:56+08:00" level=warning msg="vpn列表展示..." vpn=...info...
time="2020-10-29T11:14:04+08:00" level=warning msg="vpn列表展示..." vpn=...info...
time="2020-10-29T11:14:10+08:00" level=warning msg="vpn列表展示..." vpn=...info...
time="2020-10-29T11:14:14+08:00" level=warning msg="vpn列表展示..." vpn=...info...
time="2020-10-29T11:15:44+08:00" level=warning msg="vpn列表展示..." vpn=...info...
time="2020-10-29T11:18:40+08:00" level=warning msg="vpn列表展示..." vpn=...info...
time="2020-10-29T11:18:47+08:00" level=warning msg="vpn列表展示..." vpn=...info...
time="2020-10-29T11:18:57+08:00" level=warning msg="vpn列表展示..." vpn=...info...
time="2020-10-29T11:20:43+08:00" level=warning msg="vpn列表展示..." vpn=...info...
time="2020-10-29T11:20:51+08:00" level=warning msg="vpn列表展示..." vpn=...info...
time="2020-10-29T11:21:10+08:00" level=warning msg="vpn列表展示..." vpn=...info...
time="2020-10-29T11:23:06+08:00" level=warning msg="[vpn Audit_system start....]" vpn=...info...
time="2020-10-29T14:26:25+08:00" level=warning msg="[vpn Audit_system start....]" vpn=...info...
time="2020-10-29T14:26:34+08:00" level=warning msg="vpn列表展示..." vpn=...info...
time="2020-10-29T14:26:39+08:00" level=warning msg="域名组创建列表展示..." vpn=...info...
time="2020-10-29T14:27:10+08:00" level=warning msg="vpn列表展示..." vpn=...info...
time="2020-10-29T14:28:35+08:00" level=warning msg="vpn列表展示..." vpn=...info...
time="2020-10-29T16:04:58+08:00" level=warning msg="[vpn Audit_system start....]" vpn=...info...
time="2020-10-29T16:54:29+08:00" level=warning msg="[vpn Audit_system start....]" vpn=...info...
time="2020-10-29T16:54:40+08:00" level=warning msg="vpn列表展示..." vpn=...info...
time="2020-10-29T16:54:43+08:00" level=warning msg="域名组创建列表展示..." vpn=...info...
time="2020-10-29T16:59:45+08:00" level=warning msg="vpn列表展示..." vpn=...info...
time="2020-10-29T16:59:49+08:00" level=warning msg="域名组创建列表展示..." vpn=...info...
time="2020-10-29T17:03:51+08:00" level=warning msg="[vpn Audit_system start....]" vpn=...info...
time="2020-10-29T17:03:55+08:00" level=warning msg="域名组创建列表展示..." vpn=...info...
time="2020-10-29T18:06:55+08:00" level=warning msg="[vpn Audit_system start....]" vpn=...info...
time="2020-10-29T18:07:32+08:00" level=warning msg="vpn列表展示..." vpn=...info...
time="2020-10-29T18:07:36+08:00" level=warning msg="域名组创建列表展示..." vpn=...info...
time="2020-10-29T18:08:57+08:00" level=warning msg="[vpn Audit_system start....]" vpn=...info...
time="2020-10-29T18:09:06+08:00" level=warning msg="域名组创建列表展示..." vpn=...info...
time="2020-10-29T18:09:25+08:00" level=warning msg="[vpn Audit_system start....]" vpn=...info...
time="2020-10-29T18:09:31+08:00" level=warning msg="域名组创建列表展示..." vpn=...info...
time="2020-10-29T18:10:26+08:00" level=warning msg="[vpn Audit_system start....]" vpn=...info...
time="2020-10-29T18:10:28+08:00" level=warning msg="域名组创建列表展示..." vpn=...info...
time="2020-10-29T18:10:52+08:00" level=warning msg="vpn列表展示..." vpn=...info...
time="2020-10-29T18:57:35+08:00" level=warning msg="vpn列表展示..." vpn=...info...
time="2020-10-29T18:57:40+08:00" level=warning msg="域名组创建列表展示..." vpn=...info...
time="2020-10-29T18:57:42+08:00" level=warning msg="vpn列表展示..." vpn=...info...
time="2020-10-29T20:10:08+08:00" level=warning msg="vpn列表展示..." vpn=...info...
time="2020-10-29T20:10:12+08:00" level=warning msg="域名组创建列表展示..." vpn=...info...
time="2020-10-29T20:11:21+08:00" level=warning msg="[vpn Audit_system start....]" vpn=...info...
time="2020-10-29T20:11:30+08:00" level=warning msg="域名组创建列表展示..." vpn=...info...
time="2020-10-29T20:13:18+08:00" level=warning msg="[vpn Audit_system start....]" vpn=...info...
time="2020-10-29T20:13:23+08:00" level=warning msg="域名组创建列表展示..." vpn=...info...
time="2020-10-29T20:13:34+08:00" level=warning msg="vpn列表展示..." vpn=...info...
time="2020-10-29T20:15:10+08:00" level=warning msg="[vpn Audit_system start....]" vpn=...info...
time="2020-10-29T20:19:07+08:00" level=warning msg="[vpn Audit_system start....]" vpn=...info...
time="2020-10-29T20:19:12+08:00" level=warning msg="域名组创建列表展示..." vpn=...info...
time="2020-10-29T20:20:31+08:00" level=warning msg="[vpn Audit_system start....]" vpn=...info...
time="2020-10-29T20:20:35+08:00" level=warning msg="域名组创建列表展示..." vpn=...info...
time="2020-10-29T20:21:44+08:00" level=warning msg="[vpn Audit_system start....]" vpn=...info...
time="2020-10-29T20:21:48+08:00" level=warning msg="域名组创建列表展示..." vpn=...info...
time="2020-10-29T20:24:17+08:00" level=warning msg="[vpn Audit_system start....]" vpn=...info...
time="2020-10-29T20:24:20+08:00" level=warning msg="域名组创建列表展示..." vpn=...info...
time="2020-10-29T20:28:09+08:00" level=warning msg="[vpn Audit_system start....]" vpn=...info...
time="2020-10-29T20:28:12+08:00" level=warning msg="域名组创建列表展示..." vpn=...info...
time="2020-10-29T20:28:36+08:00" level=warning msg="[vpn Audit_system start....]" vpn=...info...
time="2020-10-29T20:28:37+08:00" level=warning msg="域名组创建列表展示..." vpn=...info...
time="2020-10-29T20:32:22+08:00" level=warning msg="[vpn Audit_system start....]" vpn=...info...
time="2020-10-29T20:32:24+08:00" level=warning msg="域名组创建列表展示..." vpn=...info...
time="2020-10-29T20:34:54+08:00" level=warning msg="[vpn Audit_system start....]" vpn=...info...
time="2020-10-29T20:34:58+08:00" level=warning msg="域名组创建列表展示..." vpn=...info...
time="2020-10-29T20:35:10+08:00" level=warning msg="vpn列表展示..." vpn=...info...
time="2020-10-30T10:19:34+08:00" level=warning msg="[vpn Audit_system start....]" vpn=...info...
time="2020-10-30T10:19:47+08:00" level=warning msg="vpn列表展示..." vpn=...info...
time="2020-10-30T10:19:55+08:00" level=warning msg="域名组创建列表展示..." vpn=...info...
time="2020-10-30T10:57:56+08:00" level=warning msg="[vpn Audit_system start....]" vpn=...info...
time="2020-10-30T10:58:05+08:00" level=warning msg="域名组创建列表展示..." vpn=...info...
time="2020-10-30T10:58:20+08:00" level=warning msg="域名组创建列表展示..." vpn=...info...
time="2020-10-30T10:58:53+08:00" level=warning msg="[vpn Audit_system start....]" vpn=...info...
time="2020-10-30T10:58:56+08:00" level=warning msg="域名组创建列表展示..." vpn=...info...
time="2020-10-30T11:01:05+08:00" level=warning msg="[vpn Audit_system start....]" vpn=...info...
time="2020-10-30T11:01:07+08:00" level=warning msg="域名组创建列表展示..." vpn=...info...
time="2020-10-30T11:02:27+08:00" level=warning msg="[vpn Audit_system start....]" vpn=...info...
time="2020-10-30T11:02:29+08:00" level=warning msg="域名组创建列表展示..." vpn=...info...
time="2020-10-30T11:02:44+08:00" level=warning msg="[vpn Audit_system start....]" vpn=...info...
time="2020-10-30T11:02:48+08:00" level=warning msg="域名组创建列表展示..." vpn=...info...
time="2020-10-30T11:05:17+08:00" level=warning msg="[vpn Audit_system start....]" vpn=...info...
time="2020-10-30T11:05:22+08:00" level=warning msg="域名组创建列表展示..." vpn=...info...
time="2020-10-30T11:08:29+08:00" level=warning msg="[vpn Audit_system start....]" vpn=...info...
time="2020-10-30T11:08:32+08:00" level=warning msg="域名组创建列表展示..." vpn=...info...
time="2020-10-30T11:10:34+08:00" level=warning msg="[vpn Audit_system start....]" vpn=...info...
time="2020-10-30T11:10:42+08:00" level=warning msg="域名组创建列表展示..." vpn=...info...
time="2020-10-30T11:13:56+08:00" level=warning msg="[vpn Audit_system start....]" vpn=...info...
time="2020-10-30T11:13:59+08:00" level=warning msg="域名组创建列表展示..." vpn=...info...
time="2020-10-30T11:30:21+08:00" level=warning msg="域名组创建列表展示..." vpn=...info...
time="2020-10-30T11:30:27+08:00" level=warning msg="vpn列表展示..." vpn=...info...
time="2020-10-30T11:30:28+08:00" level=warning msg="vpn列表展示..." vpn=...info...
time="2020-10-30T11:30:33+08:00" level=warning msg="vpn列表展示..." vpn=...info...
time="2020-10-30T11:33:16+08:00" level=warning msg="vpn列表展示..." vpn=...info...
time="2020-10-30T11:33:21+08:00" level=warning msg="vpn列表展示..." vpn=...info...
time="2020-10-30T11:49:25+08:00" level=warning msg="[vpn Audit_system start....]" vpn=...info...
time="2020-10-30T11:49:30+08:00" level=warning msg="vpn列表展示..." vpn=...info...
time="2020-10-30T11:49:32+08:00" level=warning msg="域名组创建列表展示..." vpn=...info...
time="2020-10-30T11:52:09+08:00" level=warning msg="[vpn Audit_system start....]" vpn=...info...
time="2020-10-30T11:52:16+08:00" level=warning msg="vpn列表展示..." vpn=...info...
time="2020-10-30T11:52:17+08:00" level=warning msg="域名组创建列表展示..." vpn=...info...
time="2020-10-30T11:52:53+08:00" level=warning msg="[vpn Audit_system start....]" vpn=...info...
time="2020-10-30T11:52:55+08:00" level=warning msg="vpn列表展示..." vpn=...info...
time="2020-10-30T11:52:56+08:00" level=warning msg="域名组创建列表展示..." vpn=...info...
time="2020-10-30T11:53:11+08:00" level=warning msg="[vpn Audit_system start....]" vpn=...info...
time="2020-10-30T11:53:15+08:00" level=warning msg="域名组创建列表展示..." vpn=...info...
time="2020-10-30T11:55:53+08:00" level=warning msg="[vpn Audit_system start....]" vpn=...info...
time="2020-10-30T11:55:55+08:00" level=warning msg="域名组创建列表展示..." vpn=...info...
time="2020-10-30T11:57:24+08:00" level=warning msg="[vpn Audit_system start....]" vpn=...info...
time="2020-10-30T11:57:25+08:00" level=warning msg="域名组创建列表展示..." vpn=...info...
time="2020-11-02T10:39:17+08:00" level=warning msg="[vpn Audit_system start....]" vpn=...info...
time="2020-11-02T10:39:26+08:00" level=warning msg="域名组创建列表展示..." vpn=...info...
time="2020-11-02T10:40:12+08:00" level=warning msg="[vpn Audit_system start....]" vpn=...info...
time="2020-11-02T10:40:16+08:00" level=warning msg="域名组创建列表展示..." vpn=...info...
time="2020-11-02T10:40:38+08:00" level=warning msg="[vpn Audit_system start....]" vpn=...info...
time="2020-11-02T10:40:41+08:00" level=warning msg="域名组创建列表展示..." vpn=...info...
time="2020-11-02T10:45:32+08:00" level=warning msg="[vpn Audit_system start....]" vpn=...info...
time="2020-11-02T10:45:35+08:00" level=warning msg="域名组创建列表展示..." vpn=...info...
time="2020-11-02T13:43:33+08:00" level=warning msg="[vpn Audit_system start....]" vpn=...info...
time="2020-11-02T13:43:46+08:00" level=warning msg="域名组创建列表展示..." vpn=...info...
time="2020-11-02T13:44:35+08:00" level=warning msg="[vpn Audit_system start....]" vpn=...info...
time="2020-11-02T13:44:41+08:00" level=warning msg="域名组创建列表展示..." vpn=...info...
time="2020-11-02T13:45:10+08:00" level=warning msg="[vpn Audit_system start....]" vpn=...info...
time="2020-11-02T13:45:14+08:00" level=warning msg="域名组创建列表展示..." vpn=...info...
time="2020-11-02T13:46:09+08:00" level=warning msg="[vpn Audit_system start....]" vpn=...info...
time="2020-11-02T13:46:12+08:00" level=warning msg="域名组创建列表展示..." vpn=...info...
time="2020-11-02T17:04:46+08:00" level=warning msg="[vpn Audit_system start....]" vpn=...info...
time="2020-11-02T17:04:57+08:00" level=warning msg="域名组创建列表展示..." vpn=...info...
time="2020-11-02T17:05:08+08:00" level=warning msg="vpn列表展示..." vpn=...info...
time="2020-11-02T17:51:30+08:00" level=warning msg="[vpn Audit_system start....]" vpn=...info...
time="2020-11-02T17:51:37+08:00" level=warning msg="域名组创建列表展示..." vpn=...info...
time="2020-11-02T17:57:44+08:00" level=warning msg="[vpn Audit_system start....]" vpn=...info...
time="2020-11-02T17:57:53+08:00" level=warning msg="域名组创建列表展示..." vpn=...info...
time="2020-11-02T18:16:42+08:00" level=warning msg="[vpn Audit_system start....]" vpn=...info...
time="2020-11-02T18:16:53+08:00" level=warning msg="域名组创建列表展示..." vpn=...info...
time="2020-11-02T18:18:14+08:00" level=warning msg="[vpn Audit_system start....]" vpn=...info...
time="2020-11-02T18:18:15+08:00" level=warning msg="域名组创建列表展示..." vpn=...info...
time="2020-11-02T18:18:48+08:00" level=warning msg="[vpn Audit_system start....]" vpn=...info...
time="2020-11-02T18:18:52+08:00" level=warning msg="域名组创建列表展示..." vpn=...info...
time="2020-11-02T18:19:58+08:00" level=warning msg="[vpn Audit_system start....]" vpn=...info...
time="2020-11-02T18:20:06+08:00" level=warning msg="域名组创建列表展示..." vpn=...info...
time="2020-11-02T18:20:41+08:00" level=warning msg="[vpn Audit_system start....]" vpn=...info...
time="2020-11-02T18:20:43+08:00" level=warning msg="域名组创建列表展示..." vpn=...info...
time="2020-11-02T18:22:13+08:00" level=warning msg="[vpn Audit_system start....]" vpn=...info...
time="2020-11-02T18:22:17+08:00" level=warning msg="域名组创建列表展示..." vpn=...info...
time="2020-11-02T18:24:09+08:00" level=warning msg="[vpn Audit_system start....]" vpn=...info...
time="2020-11-02T18:24:13+08:00" level=warning msg="域名组创建列表展示..." vpn=...info...
time="2020-11-02T18:26:52+08:00" level=warning msg="[vpn Audit_system start....]" vpn=...info...
time="2020-11-02T18:26:57+08:00" level=warning msg="域名组创建列表展示..." vpn=...info...
time="2020-11-02T18:27:39+08:00" level=warning msg="[vpn Audit_system start....]" vpn=...info...
time="2020-11-02T18:27:42+08:00" level=warning msg="域名组创建列表展示..." vpn=...info...
time="2020-11-02T18:28:51+08:00" level=warning msg="[vpn Audit_system start....]" vpn=...info...
time="2020-11-02T18:28:53+08:00" level=warning msg="域名组创建列表展示..." vpn=...info...
time="2020-11-02T18:29:38+08:00" level=warning msg="[vpn Audit_system start....]" vpn=...info...
time="2020-11-02T18:29:40+08:00" level=warning msg="域名组创建列表展示..." vpn=...info...
time="2020-11-02T18:30:11+08:00" level=warning msg="[vpn Audit_system start....]" vpn=...info...
time="2020-11-02T18:30:14+08:00" level=warning msg="域名组创建列表展示..." vpn=...info...
time="2020-11-02T18:30:23+08:00" level=warning msg="域名组创建列表展示..." vpn=...info...
time="2020-11-02T18:31:55+08:00" level=warning msg="[vpn Audit_system start....]" vpn=...info...
time="2020-11-02T18:32:02+08:00" level=warning msg="域名组创建列表展示..." vpn=...info...
time="2020-11-02T18:32:29+08:00" level=warning msg="[vpn Audit_system start....]" vpn=...info...
time="2020-11-02T18:32:36+08:00" level=warning msg="域名组创建列表展示..." vpn=...info...
time="2020-11-02T18:33:21+08:00" level=warning msg="[vpn Audit_system start....]" vpn=...info...
time="2020-11-02T18:33:25+08:00" level=warning msg="域名组创建列表展示..." vpn=...info...
time="2020-11-02T18:34:29+08:00" level=warning msg="[vpn Audit_system start....]" vpn=...info...
time="2020-11-02T18:34:33+08:00" level=warning msg="域名组创建列表展示..." vpn=...info...
time="2020-11-02T18:35:56+08:00" level=warning msg="[vpn Audit_system start....]" vpn=...info...
time="2020-11-02T18:35:58+08:00" level=warning msg="域名组创建列表展示..." vpn=...info...
time="2020-11-02T18:36:51+08:00" level=warning msg="[vpn Audit_system start....]" vpn=...info...
time="2020-11-02T18:36:53+08:00" level=warning msg="域名组创建列表展示..." vpn=...info...
time="2020-11-02T18:42:00+08:00" level=warning msg="[vpn Audit_system start....]" vpn=...info...
time="2020-11-02T18:42:02+08:00" level=warning msg="域名组创建列表展示..." vpn=...info...
time="2020-11-02T18:44:39+08:00" level=warning msg="[vpn Audit_system start....]" vpn=...info...
time="2020-11-02T18:44:58+08:00" level=warning msg="域名组创建列表展示..." vpn=...info...
time="2020-11-02T18:45:37+08:00" level=warning msg="域名组创建列表展示..." vpn=...info...
time="2020-11-02T18:45:52+08:00" level=warning msg="[vpn Audit_system start....]" vpn=...info...
time="2020-11-02T18:45:55+08:00" level=warning msg="域名组创建列表展示..." vpn=...info...
time="2020-11-02T18:46:43+08:00" level=warning msg="[vpn Audit_system start....]" vpn=...info...
time="2020-11-02T18:46:46+08:00" level=warning msg="域名组创建列表展示..." vpn=...info...
time="2020-11-02T18:46:59+08:00" level=warning msg="域名组创建列表展示..." vpn=...info...
time="2020-11-02T18:47:45+08:00" level=warning msg="[vpn Audit_system start....]" vpn=...info...
time="2020-11-02T18:47:51+08:00" level=warning msg="域名组创建列表展示..." vpn=...info...
time="2020-11-02T18:48:00+08:00" level=warning msg="域名组创建列表展示..." vpn=...info...
time="2020-11-02T18:49:21+08:00" level=warning msg="[vpn Audit_system start....]" vpn=...info...
time="2020-11-02T18:49:27+08:00" level=warning msg="域名组创建列表展示..." vpn=...info...
time="2020-11-02T18:49:31+08:00" level=warning msg="域名组创建列表展示..." vpn=...info...
time="2020-11-02T18:49:38+08:00" level=warning msg="vpn列表展示..." vpn=...info...
time="2020-11-02T18:49:55+08:00" level=warning msg="添加vpn账号:]...username: 张宁, passwd: 123123\n\n" vpn=...info...
time="2020-11-02T18:49:55+08:00" level=warning msg="添加vpn账号成功!...\n\n" vpn=...info...
time="2020-11-02T18:49:56+08:00" level=warning msg="vpn列表展示..." vpn=...info...
time="2020-11-02T18:50:01+08:00" level=warning msg="vpn列表展示..." vpn=...info...
time="2020-11-03T10:56:41+08:00" level=warning msg="[vpn Audit_system start....]" vpn=...info...
time="2020-11-03T10:57:52+08:00" level=warning msg="域名组创建列表展示..." vpn=...info...
time="2020-11-03T10:58:02+08:00" level=warning msg="域名组创建列表展示..." vpn=...info...
time="2020-11-03T10:58:10+08:00" level=warning msg="vpn列表展示..." vpn=...info...
time="2020-11-03T11:01:00+08:00" level=warning msg="账号添加]...username: 张宁, passwd: 123123" vpn=...info...
time="2020-11-03T11:01:00+08:00" level=warning msg="账号添加]...username: 张宁, passwd: 123123" vpn=...info...
time="2020-11-03T11:01:07+08:00" level=warning msg="域名组创建列表展示..." vpn=...info...
time="2020-11-03T11:01:15+08:00" level=warning msg="更改密码账号]...username: 张宁" vpn=...info...
time="2020-11-03T11:02:35+08:00" level=warning msg="删除账号]...username: 张宁" vpn=...info...
time="2020-11-03T11:02:49+08:00" level=warning msg="域名组创建列表展示..." vpn=...info...
time="2020-11-03T11:10:57+08:00" level=warning msg="[vpn Audit_system start....]" vpn=...info...
time="2020-11-03T11:11:01+08:00" level=warning msg="域名组创建列表展示..." vpn=...info...
time="2020-11-03T11:11:08+08:00" level=warning msg="删除账号]...username: null" vpn=...info...
time="2020-11-03T11:11:40+08:00" level=warning msg="[vpn Audit_system start....]" vpn=...info...
time="2020-11-03T11:11:45+08:00" level=warning msg="域名组创建列表展示..." vpn=...info...
time="2020-11-03T11:12:47+08:00" level=warning msg="[vpn Audit_system start....]" vpn=...info...
time="2020-11-03T11:12:50+08:00" level=warning msg="域名组创建列表展示..." vpn=...info...
time="2020-11-03T11:14:10+08:00" level=warning msg="[vpn Audit_system start....]" vpn=...info...
time="2020-11-03T11:14:14+08:00" level=warning msg="域名组创建列表展示..." vpn=...info...
time="2020-11-03T11:14:21+08:00" level=warning msg="域名组创建列表展示..." vpn=...info...
time="2020-11-03T11:22:12+08:00" level=warning msg="[vpn Audit_system start....]" vpn=...info...
time="2020-11-03T11:22:15+08:00" level=warning msg="域名组创建列表展示..." vpn=...info...
time="2020-11-03T11:22:24+08:00" level=warning msg="域名组创建列表展示..." vpn=...info...
time="2020-11-03T11:34:47+08:00" level=warning msg="[vpn Audit_system start....]" vpn=...info...
time="2020-11-03T11:34:51+08:00" level=warning msg="域名组创建列表展示..." vpn=...info...
time="2020-11-03T11:35:30+08:00" level=warning msg="[vpn Audit_system start....]" vpn=...info...
time="2020-11-03T11:35:34+08:00" level=warning msg="域名组创建列表展示..." vpn=...info...
time="2020-11-03T11:36:00+08:00" level=warning msg="[vpn Audit_system start....]" vpn=...info...
time="2020-11-03T11:36:05+08:00" level=warning msg="域名组创建列表展示..." vpn=...info...
time="2020-11-03T11:39:32+08:00" level=warning msg="[vpn Audit_system start....]" vpn=...info...
time="2020-11-03T11:39:36+08:00" level=warning msg="域名组创建列表展示..." vpn=...info...
time="2020-11-03T11:44:47+08:00" level=warning msg="[vpn Audit_system start....]" vpn=...info...
time="2020-11-03T11:44:57+08:00" level=warning msg="vpn列表展示..." vpn=...info...
time="2020-11-03T11:46:04+08:00" level=warning msg="[vpn Audit_system start....]" vpn=...info...
time="2020-11-03T11:46:06+08:00" level=warning msg="域名组创建列表展示..." vpn=...info...
time="2020-11-03T11:46:36+08:00" level=warning msg="[vpn Audit_system start....]" vpn=...info...
time="2020-11-03T11:46:39+08:00" level=warning msg="域名组创建列表展示..." vpn=...info...
time="2020-11-03T13:39:40+08:00" level=warning msg="[vpn Audit_system start....]" vpn=...info...
time="2020-11-03T13:40:17+08:00" level=warning msg="更改密码账号]...username: zhangning" vpn=...info...
time="2020-11-03T13:43:04+08:00" level=warning msg="更改密码账号]...username: saber" vpn=...info...
time="2020-11-03T13:48:48+08:00" level=warning msg="[vpn Audit_system start....]" vpn=...info...
time="2020-11-03T13:48:56+08:00" level=warning msg="更改密码账号]...username: zhangning" vpn=...info...
time="2020-11-03T13:49:33+08:00" level=warning msg="更改密码账号]...username: saber" vpn=...info...
time="2020-11-03T13:49:37+08:00" level=warning msg="更改密码账号]...username: root" vpn=...info...
time="2020-11-03T13:49:48+08:00" level=warning msg="账号添加]...username: saber, passwd: 123123" vpn=...info...
time="2020-11-03T13:50:08+08:00" level=warning msg="账号添加]...username: saber, passwd: 111111" vpn=...info...
time="2020-11-03T13:50:21+08:00" level=warning msg="域名组创建列表展示..." vpn=...info...
time="2020-11-03T14:11:57+08:00" level=warning msg="[vpn Audit_system start....]" vpn=...info...
time="2020-11-03T14:12:02+08:00" level=warning msg="域名组创建列表展示..." vpn=...info...
time="2020-11-03T14:12:11+08:00" level=warning msg="域名组创建列表展示..." vpn=...info...
time="2020-11-03T14:12:17+08:00" level=warning msg="域名组创建列表展示..." vpn=...info...
time="2020-11-03T14:13:03+08:00" level=warning msg="[vpn Audit_system start....]" vpn=...info...
time="2020-11-03T14:13:06+08:00" level=warning msg="域名组创建列表展示..." vpn=...info...
time="2020-11-03T14:13:10+08:00" level=warning msg="域名组创建列表展示..." vpn=...info...
time="2020-11-03T14:13:22+08:00" level=warning msg="域名组创建列表展示..." vpn=...info...
time="2020-11-03T14:13:25+08:00" level=warning msg="vpn列表展示..." vpn=...info...
time="2020-11-03T14:13:40+08:00" level=warning msg="域名组创建列表展示..." vpn=...info...
time="2020-11-03T14:13:44+08:00" level=warning msg="域名组创建列表展示..." vpn=...info...
time="2020-11-03T14:13:45+08:00" level=warning msg="vpn列表展示..." vpn=...info...
time="2020-11-03T14:13:51+08:00" level=warning msg="vpn列表展示..." vpn=...info...
time="2020-11-03T14:14:05+08:00" level=warning msg="vpn列表展示..." vpn=...info...
time="2020-11-03T14:14:12+08:00" level=warning msg="vpn列表展示..." vpn=...info...
time="2020-11-03T14:14:46+08:00" level=warning msg="vpn列表展示..." vpn=...info...
time="2020-11-03T14:21:33+08:00" level=warning msg="[vpn Audit_system start....]" vpn=...info...
time="2020-11-03T14:21:37+08:00" level=warning msg="域名组创建列表展示..." vpn=...info...
time="2020-11-03T14:21:40+08:00" level=warning msg="vpn列表展示..." vpn=...info...
time="2020-11-03T14:33:57+08:00" level=warning msg="vpn列表展示..." vpn=...info...
time="2020-11-03T14:34:01+08:00" level=warning msg="添加vpn账号:]...username: aaa, passwd: 123123\n\n" vpn=...info...
time="2020-11-03T14:34:02+08:00" level=warning msg="添加vpn账号成功!...\n\n" vpn=...info...
time="2020-11-03T14:34:02+08:00" level=warning msg="vpn列表展示..." vpn=...info...
time="2020-11-03T15:01:27+08:00" level=warning msg="[vpn Audit_system start....]" vpn=...info...
time="2020-11-03T15:01:34+08:00" level=warning msg="域名组创建列表展示..." vpn=...info...
time="2020-11-03T15:01:40+08:00" level=warning msg="vpn列表展示..." vpn=...info...
time="2020-11-03T15:01:46+08:00" level=warning msg="vpn列表展示..." vpn=...info...
time="2020-11-03T15:02:22+08:00" level=warning msg="vpn列表展示..." vpn=...info...
time="2020-11-03T15:02:27+08:00" level=warning msg="vpn列表展示..." vpn=...info...
time="2020-11-03T16:41:52+08:00" level=warning msg="vpn列表展示..." vpn=...info...
time="2020-11-05T16:31:39+08:00" level=warning msg="[vpn Audit_system start....]" vpn=...info...
time="2020-11-05T16:31:54+08:00" level=warning msg="域名组创建列表展示..." vpn=...info...
time="2020-11-05T16:32:03+08:00" level=warning msg="域名组创建列表展示..." vpn=...info...
time="2020-11-05T16:32:06+08:00" level=warning msg="vpn列表展示..." vpn=...info...
time="2020-11-05T16:32:23+08:00" level=warning msg="添加vpn账号:]...username: saber, passwd: 111111\n\n" vpn=...info...
time="2020-11-05T16:32:23+08:00" level=warning msg="添加vpn账号成功!...\n\n" vpn=...info...
time="2020-11-05T16:32:24+08:00" level=warning msg="vpn列表展示..." vpn=...info...
time="2020-11-05T16:32:34+08:00" level=warning msg="vpn列表展示..." vpn=...info...
time="2020-11-05T16:32:47+08:00" level=warning msg="vpn列表展示..." vpn=...info...
time="2020-11-05T16:32:50+08:00" level=warning msg="vpn列表展示..." vpn=...info...
time="2020-11-05T16:33:02+08:00" level=warning msg="vpn列表展示..." vpn=...info...
time="2020-11-05T16:33:14+08:00" level=warning msg="vpn列表展示..." vpn=...info...
time="2020-11-05T16:56:44+08:00" level=warning msg="vpn列表展示..." vpn=...info...
time="2020-11-05T17:03:20+08:00" level=warning msg="vpn列表展示..." vpn=...info...
time="2020-11-05T17:04:16+08:00" level=warning msg="vpn列表展示..." vpn=...info...
